2026-01-22 10:58:12,918 | INFO | START plant=1 source=rockwell
2026-01-22 10:58:18,066 | INFO | OK plant=1 ts=2026-01-22T13:58:18.065512+00:00 tags=4
2026-01-22 10:58:23,209 | INFO | OK plant=1 ts=2026-01-22T13:58:23.208311+00:00 tags=4
2026-01-22 10:58:28,376 | INFO | OK plant=1 ts=2026-01-22T13:58:28.375309+00:00 tags=4
2026-01-22 10:58:33,503 | INFO | OK plant=1 ts=2026-01-22T13:58:33.500628+00:00 tags=4
2026-01-22 10:58:38,665 | INFO | OK plant=1 ts=2026-01-22T13:58:38.664584+00:00 tags=4
2026-01-22 10:58:43,801 | INFO | OK plant=1 ts=2026-01-22T13:58:43.800893+00:00 tags=4
2026-01-22 10:58:48,939 | INFO | OK plant=1 ts=2026-01-22T13:58:48.938521+00:00 tags=4
2026-01-22 10:58:54,170 | INFO | OK plant=1 ts=2026-01-22T13:58:54.169752+00:00 tags=4
2026-01-22 10:58:59,417 | INFO | OK plant=1 ts=2026-01-22T13:58:59.416547+00:00 tags=4
2026-01-22 10:59:05,269 | INFO | OK plant=1 ts=2026-01-22T13:59:05.268633+00:00 tags=4
2026-01-22 10:59:10,517 | INFO | OK plant=1 ts=2026-01-22T13:59:10.516523+00:00 tags=4
2026-01-22 10:59:15,700 | INFO | OK plant=1 ts=2026-01-22T13:59:15.699491+00:00 tags=4
2026-01-22 10:59:20,866 | INFO | OK plant=1 ts=2026-01-22T13:59:20.865762+00:00 tags=4
2026-01-22 10:59:26,043 | INFO | OK plant=1 ts=2026-01-22T13:59:26.042703+00:00 tags=4
2026-01-22 10:59:31,237 | INFO | OK plant=1 ts=2026-01-22T13:59:31.236775+00:00 tags=4
2026-01-22 10:59:36,429 | INFO | OK plant=1 ts=2026-01-22T13:59:36.429286+00:00 tags=4
2026-01-22 10:59:41,588 | INFO | OK plant=1 ts=2026-01-22T13:59:41.587827+00:00 tags=4
2026-01-22 10:59:46,721 | INFO | OK plant=1 ts=2026-01-22T13:59:46.720399+00:00 tags=4
2026-01-22 10:59:51,877 | INFO | OK plant=1 ts=2026-01-22T13:59:51.876438+00:00 tags=4
2026-01-22 10:59:57,023 | INFO | OK plant=1 ts=2026-01-22T13:59:57.022879+00:00 tags=4
2026-01-22 11:00:02,215 | INFO | OK plant=1 ts=2026-01-22T14:00:02.214814+00:00 tags=4
2026-01-22 11:00:07,372 | INFO | OK plant=1 ts=2026-01-22T14:00:07.371626+00:00 tags=4
2026-01-22 11:00:12,514 | INFO | OK plant=1 ts=2026-01-22T14:00:12.513074+00:00 tags=4
2026-01-22 11:00:17,610 | INFO | OK plant=1 ts=2026-01-22T14:00:17.610276+00:00 tags=4
2026-01-22 11:00:22,725 | INFO | OK plant=1 ts=2026-01-22T14:00:22.724641+00:00 tags=4
2026-01-22 11:00:27,832 | INFO | OK plant=1 ts=2026-01-22T14:00:27.831780+00:00 tags=4
2026-01-22 11:00:32,958 | INFO | OK plant=1 ts=2026-01-22T14:00:32.957392+00:00 tags=4
2026-01-22 11:00:38,070 | INFO | OK plant=1 ts=2026-01-22T14:00:38.069647+00:00 tags=4
2026-01-22 11:00:43,176 | INFO | OK plant=1 ts=2026-01-22T14:00:43.175549+00:00 tags=4
2026-01-22 11:00:48,335 | INFO | OK plant=1 ts=2026-01-22T14:00:48.334360+00:00 tags=4
2026-01-22 11:00:53,469 | INFO | OK plant=1 ts=2026-01-22T14:00:53.467893+00:00 tags=4
2026-01-22 11:00:58,649 | INFO | OK plant=1 ts=2026-01-22T14:00:58.648514+00:00 tags=4
2026-01-22 11:01:03,823 | INFO | OK plant=1 ts=2026-01-22T14:01:03.822367+00:00 tags=4
2026-01-22 11:01:08,994 | INFO | OK plant=1 ts=2026-01-22T14:01:08.993778+00:00 tags=4
2026-01-22 11:01:14,141 | INFO | OK plant=1 ts=2026-01-22T14:01:14.140607+00:00 tags=4
2026-01-22 11:01:19,292 | INFO | OK plant=1 ts=2026-01-22T14:01:19.291524+00:00 tags=4
2026-01-22 11:01:24,392 | INFO | OK plant=1 ts=2026-01-22T14:01:24.391760+00:00 tags=4
2026-01-22 11:01:29,510 | INFO | OK plant=1 ts=2026-01-22T14:01:29.509968+00:00 tags=4
2026-01-22 11:01:34,665 | INFO | OK plant=1 ts=2026-01-22T14:01:34.664533+00:00 tags=4
2026-01-22 11:01:39,811 | INFO | OK plant=1 ts=2026-01-22T14:01:39.810425+00:00 tags=4
2026-01-22 11:01:44,940 | INFO | OK plant=1 ts=2026-01-22T14:01:44.939942+00:00 tags=4
2026-01-22 11:01:50,053 | INFO | OK plant=1 ts=2026-01-22T14:01:50.053106+00:00 tags=4
2026-01-22 11:01:55,164 | INFO | OK plant=1 ts=2026-01-22T14:01:55.163989+00:00 tags=4
2026-01-22 11:02:00,278 | INFO | OK plant=1 ts=2026-01-22T14:02:00.277797+00:00 tags=4
2026-01-22 11:02:05,412 | INFO | OK plant=1 ts=2026-01-22T14:02:05.411697+00:00 tags=4
2026-01-22 11:02:10,549 | INFO | OK plant=1 ts=2026-01-22T14:02:10.548325+00:00 tags=4
2026-01-22 11:02:15,686 | INFO | OK plant=1 ts=2026-01-22T14:02:15.685587+00:00 tags=4
2026-01-22 11:02:20,828 | INFO | OK plant=1 ts=2026-01-22T14:02:20.827641+00:00 tags=4
2026-01-22 11:02:25,938 | INFO | OK plant=1 ts=2026-01-22T14:02:25.937218+00:00 tags=4
2026-01-22 11:02:31,043 | INFO | OK plant=1 ts=2026-01-22T14:02:31.043087+00:00 tags=4
2026-01-22 11:02:36,170 | INFO | OK plant=1 ts=2026-01-22T14:02:36.169416+00:00 tags=4
2026-01-22 11:02:41,264 | INFO | OK plant=1 ts=2026-01-22T14:02:41.263566+00:00 tags=4
2026-01-22 11:02:46,351 | INFO | OK plant=1 ts=2026-01-22T14:02:46.351246+00:00 tags=4
2026-01-22 11:02:51,456 | INFO | OK plant=1 ts=2026-01-22T14:02:51.455435+00:00 tags=4
2026-01-22 11:02:56,545 | INFO | OK plant=1 ts=2026-01-22T14:02:56.544534+00:00 tags=4
2026-01-22 11:03:01,674 | INFO | OK plant=1 ts=2026-01-22T14:03:01.673498+00:00 tags=4
2026-01-22 11:03:06,794 | INFO | OK plant=1 ts=2026-01-22T14:03:06.793622+00:00 tags=4
2026-01-22 11:03:11,896 | INFO | OK plant=1 ts=2026-01-22T14:03:11.895480+00:00 tags=4
2026-01-22 11:03:16,987 | INFO | OK plant=1 ts=2026-01-22T14:03:16.986136+00:00 tags=4
2026-01-22 11:03:22,100 | INFO | OK plant=1 ts=2026-01-22T14:03:22.099153+00:00 tags=4
2026-01-22 11:03:27,213 | INFO | OK plant=1 ts=2026-01-22T14:03:27.212363+00:00 tags=4
2026-01-22 11:03:32,312 | INFO | OK plant=1 ts=2026-01-22T14:03:32.311392+00:00 tags=4
2026-01-22 11:03:37,410 | INFO | OK plant=1 ts=2026-01-22T14:03:37.409653+00:00 tags=4
2026-01-22 11:03:42,551 | INFO | OK plant=1 ts=2026-01-22T14:03:42.550414+00:00 tags=4
2026-01-22 11:03:47,655 | INFO | OK plant=1 ts=2026-01-22T14:03:47.654434+00:00 tags=4
2026-01-22 11:03:52,794 | INFO | OK plant=1 ts=2026-01-22T14:03:52.793465+00:00 tags=4
2026-01-22 11:03:57,931 | INFO | OK plant=1 ts=2026-01-22T14:03:57.930153+00:00 tags=4
2026-01-22 11:04:03,043 | INFO | OK plant=1 ts=2026-01-22T14:04:03.043282+00:00 tags=4
2026-01-22 11:04:08,166 | INFO | OK plant=1 ts=2026-01-22T14:04:08.165327+00:00 tags=4
2026-01-22 11:04:13,261 | INFO | OK plant=1 ts=2026-01-22T14:04:13.260860+00:00 tags=4
2026-01-22 11:04:18,496 | INFO | OK plant=1 ts=2026-01-22T14:04:18.495755+00:00 tags=4
2026-01-22 11:04:23,609 | INFO | OK plant=1 ts=2026-01-22T14:04:23.608544+00:00 tags=4
2026-01-22 11:04:28,754 | INFO | OK plant=1 ts=2026-01-22T14:04:28.753547+00:00 tags=4
2026-01-22 11:04:33,897 | INFO | OK plant=1 ts=2026-01-22T14:04:33.896177+00:00 tags=4
2026-01-22 11:04:39,000 | INFO | OK plant=1 ts=2026-01-22T14:04:38.999620+00:00 tags=4
2026-01-22 11:04:44,127 | INFO | OK plant=1 ts=2026-01-22T14:04:44.126595+00:00 tags=4
2026-01-22 11:04:49,278 | INFO | OK plant=1 ts=2026-01-22T14:04:49.277685+00:00 tags=4
2026-01-22 11:04:54,397 | INFO | OK plant=1 ts=2026-01-22T14:04:54.396497+00:00 tags=4
2026-01-22 11:04:59,569 | INFO | OK plant=1 ts=2026-01-22T14:04:59.568871+00:00 tags=4
2026-01-22 11:05:04,691 | INFO | OK plant=1 ts=2026-01-22T14:05:04.690723+00:00 tags=4
2026-01-22 11:05:09,803 | INFO | OK plant=1 ts=2026-01-22T14:05:09.802487+00:00 tags=4
2026-01-22 11:05:14,924 | INFO | OK plant=1 ts=2026-01-22T14:05:14.923286+00:00 tags=4
2026-01-22 11:05:20,091 | INFO | OK plant=1 ts=2026-01-22T14:05:20.090423+00:00 tags=4
2026-01-22 11:05:25,236 | INFO | OK plant=1 ts=2026-01-22T14:05:25.235360+00:00 tags=4
2026-01-22 11:05:30,385 | INFO | OK plant=1 ts=2026-01-22T14:05:30.384770+00:00 tags=4
2026-01-22 11:05:35,508 | INFO | OK plant=1 ts=2026-01-22T14:05:35.507289+00:00 tags=4
2026-01-22 11:05:40,664 | INFO | OK plant=1 ts=2026-01-22T14:05:40.663523+00:00 tags=4
2026-01-22 11:05:45,813 | INFO | OK plant=1 ts=2026-01-22T14:05:45.813029+00:00 tags=4
2026-01-22 11:07:20,297 | INFO | START plant=1 source=rockwell plc=192.168.11.10/0 poll=1.0s
2026-01-22 11:07:25,291 | INFO | CONNECTED plc=192.168.11.10/0
2026-01-22 11:07:25,369 | INFO | OK plant=1 ts=2026-01-22T14:07:25.368738+00:00 tags=4 cycle=77.3ms
2026-01-22 11:07:26,371 | INFO | OK plant=1 ts=2026-01-22T14:07:26.370723+00:00 tags=4 cycle=78.5ms
2026-01-22 11:07:27,368 | INFO | OK plant=1 ts=2026-01-22T14:07:27.367358+00:00 tags=4 cycle=73.9ms
2026-01-22 11:07:28,369 | INFO | OK plant=1 ts=2026-01-22T14:07:28.368567+00:00 tags=4 cycle=73.4ms
2026-01-22 11:07:29,371 | INFO | OK plant=1 ts=2026-01-22T14:07:29.370560+00:00 tags=4 cycle=74.9ms
2026-01-22 11:07:30,373 | INFO | OK plant=1 ts=2026-01-22T14:07:30.372977+00:00 tags=4 cycle=76.3ms
2026-01-22 11:07:31,383 | INFO | OK plant=1 ts=2026-01-22T14:07:31.382332+00:00 tags=4 cycle=75.7ms
2026-01-22 11:07:32,386 | INFO | OK plant=1 ts=2026-01-22T14:07:32.385136+00:00 tags=4 cycle=77.8ms
2026-01-22 11:07:33,394 | INFO | OK plant=1 ts=2026-01-22T14:07:33.393763+00:00 tags=4 cycle=77.7ms
2026-01-22 11:07:34,391 | INFO | OK plant=1 ts=2026-01-22T14:07:34.390644+00:00 tags=4 cycle=73.5ms
2026-01-22 11:07:35,393 | INFO | OK plant=1 ts=2026-01-22T14:07:35.392136+00:00 tags=4 cycle=73.8ms
2026-01-22 11:07:36,395 | INFO | OK plant=1 ts=2026-01-22T14:07:36.394230+00:00 tags=4 cycle=74.9ms
2026-01-22 11:07:37,395 | INFO | OK plant=1 ts=2026-01-22T14:07:37.395025+00:00 tags=4 cycle=74.3ms
2026-01-22 11:07:38,466 | INFO | OK plant=1 ts=2026-01-22T14:07:38.465564+00:00 tags=4 cycle=82.9ms
2026-01-22 11:07:39,461 | INFO | OK plant=1 ts=2026-01-22T14:07:39.460933+00:00 tags=4 cycle=77.2ms
2026-01-22 11:07:40,463 | INFO | OK plant=1 ts=2026-01-22T14:07:40.462711+00:00 tags=4 cycle=78.1ms
2026-01-22 11:07:41,460 | INFO | OK plant=1 ts=2026-01-22T14:07:41.459352+00:00 tags=4 cycle=74.3ms
2026-01-22 11:07:42,462 | INFO | OK plant=1 ts=2026-01-22T14:07:42.461364+00:00 tags=4 cycle=74.9ms
2026-01-22 11:07:43,464 | INFO | OK plant=1 ts=2026-01-22T14:07:43.463793+00:00 tags=4 cycle=76.2ms
2026-01-22 11:07:44,468 | INFO | OK plant=1 ts=2026-01-22T14:07:44.467697+00:00 tags=4 cycle=78.2ms
2026-01-22 11:07:45,465 | INFO | OK plant=1 ts=2026-01-22T14:07:45.464732+00:00 tags=4 cycle=73.8ms
2026-01-22 11:07:46,468 | INFO | OK plant=1 ts=2026-01-22T14:07:46.467739+00:00 tags=4 cycle=75.8ms
2026-01-22 11:07:47,470 | INFO | OK plant=1 ts=2026-01-22T14:07:47.469633+00:00 tags=4 cycle=76.2ms
2026-01-22 11:07:48,473 | INFO | OK plant=1 ts=2026-01-22T14:07:48.472295+00:00 tags=4 cycle=78.2ms
2026-01-22 11:07:49,474 | INFO | OK plant=1 ts=2026-01-22T14:07:49.473993+00:00 tags=4 cycle=77.1ms
2026-01-22 11:07:50,478 | INFO | OK plant=1 ts=2026-01-22T14:07:50.477116+00:00 tags=4 cycle=80.0ms
2026-01-22 11:07:51,473 | INFO | OK plant=1 ts=2026-01-22T14:07:51.472029+00:00 tags=4 cycle=73.7ms
2026-01-22 11:07:52,474 | INFO | OK plant=1 ts=2026-01-22T14:07:52.473861+00:00 tags=4 cycle=74.4ms
2026-01-22 11:07:53,476 | INFO | OK plant=1 ts=2026-01-22T14:07:53.475706+00:00 tags=4 cycle=75.6ms
2026-01-22 11:07:54,481 | INFO | OK plant=1 ts=2026-01-22T14:07:54.480491+00:00 tags=4 cycle=79.1ms
2026-01-22 11:07:55,481 | INFO | OK plant=1 ts=2026-01-22T14:07:55.480210+00:00 tags=4 cycle=77.9ms
2026-01-22 11:07:56,481 | INFO | OK plant=1 ts=2026-01-22T14:07:56.480817+00:00 tags=4 cycle=77.3ms
2026-01-22 11:07:57,479 | INFO | OK plant=1 ts=2026-01-22T14:07:57.477995+00:00 tags=4 cycle=73.7ms
2026-01-22 11:07:58,482 | INFO | OK plant=1 ts=2026-01-22T14:07:58.481497+00:00 tags=4 cycle=75.9ms
2026-01-22 11:07:59,483 | INFO | OK plant=1 ts=2026-01-22T14:07:59.482678+00:00 tags=4 cycle=76.1ms
2026-01-22 11:08:00,484 | INFO | OK plant=1 ts=2026-01-22T14:08:00.483608+00:00 tags=4 cycle=75.1ms
2026-01-22 11:08:01,486 | INFO | OK plant=1 ts=2026-01-22T14:08:01.485673+00:00 tags=4 cycle=76.1ms
2026-01-22 11:08:02,487 | INFO | OK plant=1 ts=2026-01-22T14:08:02.486837+00:00 tags=4 cycle=75.9ms
2026-01-22 11:08:03,489 | INFO | OK plant=1 ts=2026-01-22T14:08:03.488803+00:00 tags=4 cycle=76.5ms
2026-01-22 11:08:04,491 | INFO | OK plant=1 ts=2026-01-22T14:08:04.490454+00:00 tags=4 cycle=76.2ms
2026-01-22 11:08:05,493 | INFO | OK plant=1 ts=2026-01-22T14:08:05.492651+00:00 tags=4 cycle=72.5ms
2026-01-22 11:08:06,502 | INFO | OK plant=1 ts=2026-01-22T14:08:06.501427+00:00 tags=4 cycle=79.5ms
2026-01-22 11:08:07,500 | INFO | OK plant=1 ts=2026-01-22T14:08:07.499266+00:00 tags=4 cycle=74.8ms
2026-01-22 11:08:08,505 | INFO | OK plant=1 ts=2026-01-22T14:08:08.503887+00:00 tags=4 cycle=78.4ms
2026-01-22 11:08:09,500 | INFO | OK plant=1 ts=2026-01-22T14:08:09.499901+00:00 tags=4 cycle=73.3ms
2026-01-22 11:08:10,503 | INFO | OK plant=1 ts=2026-01-22T14:08:10.502564+00:00 tags=4 cycle=74.7ms
2026-01-22 11:08:11,507 | INFO | OK plant=1 ts=2026-01-22T14:08:11.506201+00:00 tags=4 cycle=76.8ms
2026-01-22 11:08:12,505 | INFO | OK plant=1 ts=2026-01-22T14:08:12.504046+00:00 tags=4 cycle=73.8ms
2026-01-22 11:08:13,511 | INFO | OK plant=1 ts=2026-01-22T14:08:13.510323+00:00 tags=4 cycle=78.9ms
2026-01-22 11:08:14,506 | INFO | OK plant=1 ts=2026-01-22T14:08:14.506144+00:00 tags=4 cycle=73.5ms
2026-01-22 11:08:15,509 | INFO | OK plant=1 ts=2026-01-22T14:08:15.508315+00:00 tags=4 cycle=74.1ms
2026-01-22 11:08:16,512 | INFO | OK plant=1 ts=2026-01-22T14:08:16.511639+00:00 tags=4 cycle=75.7ms
2026-01-22 11:08:17,515 | INFO | OK plant=1 ts=2026-01-22T14:08:17.514100+00:00 tags=4 cycle=76.9ms
2026-01-22 11:08:18,517 | INFO | OK plant=1 ts=2026-01-22T14:08:18.516134+00:00 tags=4 cycle=77.9ms
2026-01-22 11:08:19,518 | INFO | OK plant=1 ts=2026-01-22T14:08:19.517112+00:00 tags=4 cycle=77.4ms
2026-01-22 11:08:20,520 | INFO | OK plant=1 ts=2026-01-22T14:08:20.519380+00:00 tags=4 cycle=78.0ms
2026-01-22 11:08:21,517 | INFO | OK plant=1 ts=2026-01-22T14:08:21.516684+00:00 tags=4 cycle=74.2ms
2026-01-22 11:08:22,526 | INFO | OK plant=1 ts=2026-01-22T14:08:22.525377+00:00 tags=4 cycle=74.6ms
2026-01-22 11:08:23,526 | INFO | OK plant=1 ts=2026-01-22T14:08:23.525698+00:00 tags=4 cycle=73.3ms
2026-01-22 11:08:24,536 | INFO | OK plant=1 ts=2026-01-22T14:08:24.534956+00:00 tags=4 cycle=74.7ms
2026-01-22 11:08:25,537 | INFO | OK plant=1 ts=2026-01-22T14:08:25.536178+00:00 tags=4 cycle=74.4ms
2026-01-22 11:08:26,538 | INFO | OK plant=1 ts=2026-01-22T14:08:26.537286+00:00 tags=4 cycle=75.0ms
2026-01-22 11:08:27,540 | INFO | OK plant=1 ts=2026-01-22T14:08:27.539862+00:00 tags=4 cycle=75.6ms
2026-01-22 11:08:28,540 | INFO | OK plant=1 ts=2026-01-22T14:08:28.539980+00:00 tags=4 cycle=74.3ms
2026-01-22 11:08:29,543 | INFO | OK plant=1 ts=2026-01-22T14:08:29.542152+00:00 tags=4 cycle=75.5ms
2026-01-22 11:08:30,545 | INFO | OK plant=1 ts=2026-01-22T14:08:30.544144+00:00 tags=4 cycle=76.3ms
2026-01-22 11:08:31,546 | INFO | OK plant=1 ts=2026-01-22T14:08:31.545675+00:00 tags=4 cycle=77.0ms
2026-01-22 11:08:32,620 | INFO | OK plant=1 ts=2026-01-22T14:08:32.619387+00:00 tags=4 cycle=78.1ms
2026-01-22 11:08:33,616 | INFO | OK plant=1 ts=2026-01-22T14:08:33.615491+00:00 tags=4 cycle=73.3ms
2026-01-22 11:08:34,618 | INFO | OK plant=1 ts=2026-01-22T14:08:34.617064+00:00 tags=4 cycle=74.1ms
2026-01-22 11:08:35,619 | INFO | OK plant=1 ts=2026-01-22T14:08:35.617929+00:00 tags=4 cycle=74.0ms
2026-01-22 11:08:36,621 | INFO | OK plant=1 ts=2026-01-22T14:08:36.620254+00:00 tags=4 cycle=75.2ms
2026-01-22 11:08:37,621 | INFO | OK plant=1 ts=2026-01-22T14:08:37.620934+00:00 tags=4 cycle=74.7ms
2026-01-22 11:08:38,625 | INFO | OK plant=1 ts=2026-01-22T14:08:38.624099+00:00 tags=4 cycle=77.2ms
2026-01-22 11:08:39,626 | INFO | OK plant=1 ts=2026-01-22T14:08:39.625768+00:00 tags=4 cycle=77.6ms
2026-01-22 11:08:40,628 | INFO | OK plant=1 ts=2026-01-22T14:08:40.627796+00:00 tags=4 cycle=77.0ms
2026-01-22 11:08:41,627 | INFO | OK plant=1 ts=2026-01-22T14:08:41.626102+00:00 tags=4 cycle=74.5ms
2026-01-22 11:08:42,628 | INFO | OK plant=1 ts=2026-01-22T14:08:42.627965+00:00 tags=4 cycle=75.3ms
2026-01-22 11:08:43,633 | INFO | OK plant=1 ts=2026-01-22T14:08:43.632780+00:00 tags=4 cycle=78.1ms
2026-01-22 11:08:44,637 | INFO | OK plant=1 ts=2026-01-22T14:08:44.635988+00:00 tags=4 cycle=73.8ms
2026-01-22 11:08:45,638 | INFO | OK plant=1 ts=2026-01-22T14:08:45.637538+00:00 tags=4 cycle=74.1ms
2026-01-22 11:08:46,641 | INFO | OK plant=1 ts=2026-01-22T14:08:46.639982+00:00 tags=4 cycle=75.1ms
2026-01-22 11:08:47,646 | INFO | OK plant=1 ts=2026-01-22T14:08:47.645484+00:00 tags=4 cycle=79.5ms
2026-01-22 11:08:48,641 | INFO | OK plant=1 ts=2026-01-22T14:08:48.640634+00:00 tags=4 cycle=73.3ms
2026-01-22 11:08:49,645 | INFO | OK plant=1 ts=2026-01-22T14:08:49.644660+00:00 tags=4 cycle=75.4ms
2026-01-22 11:08:50,650 | INFO | OK plant=1 ts=2026-01-22T14:08:50.649554+00:00 tags=4 cycle=79.7ms
2026-01-22 11:08:51,650 | INFO | OK plant=1 ts=2026-01-22T14:08:51.649685+00:00 tags=4 cycle=78.7ms
2026-01-22 11:08:52,646 | INFO | OK plant=1 ts=2026-01-22T14:08:52.645740+00:00 tags=4 cycle=73.6ms
2026-01-22 11:08:53,649 | INFO | OK plant=1 ts=2026-01-22T14:08:53.648298+00:00 tags=4 cycle=75.3ms
2026-01-22 11:08:54,652 | INFO | OK plant=1 ts=2026-01-22T14:08:54.651766+00:00 tags=4 cycle=76.9ms
2026-01-22 11:08:55,654 | INFO | OK plant=1 ts=2026-01-22T14:08:55.653950+00:00 tags=4 cycle=77.8ms
2026-01-22 11:08:56,651 | INFO | OK plant=1 ts=2026-01-22T14:08:56.650836+00:00 tags=4 cycle=73.0ms
2026-01-22 11:08:57,652 | INFO | OK plant=1 ts=2026-01-22T14:08:57.651897+00:00 tags=4 cycle=73.5ms
2026-01-22 11:08:58,657 | INFO | OK plant=1 ts=2026-01-22T14:08:58.656863+00:00 tags=4 cycle=77.5ms
2026-01-22 11:08:59,658 | INFO | OK plant=1 ts=2026-01-22T14:08:59.657249+00:00 tags=4 cycle=77.1ms
2026-01-22 11:09:00,661 | INFO | OK plant=1 ts=2026-01-22T14:09:00.660234+00:00 tags=4 cycle=78.1ms
2026-01-22 11:09:01,663 | INFO | OK plant=1 ts=2026-01-22T14:09:01.662235+00:00 tags=4 cycle=79.6ms
2026-01-22 11:09:02,661 | INFO | OK plant=1 ts=2026-01-22T14:09:02.660285+00:00 tags=4 cycle=75.4ms
2026-01-22 11:09:03,662 | INFO | OK plant=1 ts=2026-01-22T14:09:03.661511+00:00 tags=4 cycle=75.7ms
2026-01-22 11:09:04,665 | INFO | OK plant=1 ts=2026-01-22T14:09:04.664726+00:00 tags=4 cycle=77.9ms
2026-01-22 11:09:05,663 | INFO | OK plant=1 ts=2026-01-22T14:09:05.662236+00:00 tags=4 cycle=73.6ms
2026-01-22 11:09:06,669 | INFO | OK plant=1 ts=2026-01-22T14:09:06.667984+00:00 tags=4 cycle=78.5ms
2026-01-22 11:09:07,665 | INFO | OK plant=1 ts=2026-01-22T14:09:07.664752+00:00 tags=4 cycle=74.2ms
2026-01-22 11:09:08,667 | INFO | OK plant=1 ts=2026-01-22T14:09:08.666598+00:00 tags=4 cycle=74.9ms
2026-01-22 11:09:09,669 | INFO | OK plant=1 ts=2026-01-22T14:09:09.668512+00:00 tags=4 cycle=75.5ms
2026-01-22 11:09:10,672 | INFO | OK plant=1 ts=2026-01-22T14:09:10.671360+00:00 tags=4 cycle=77.3ms
2026-01-22 11:09:11,738 | INFO | OK plant=1 ts=2026-01-22T14:09:11.737408+00:00 tags=4 cycle=74.5ms
2026-01-22 11:09:12,752 | INFO | OK plant=1 ts=2026-01-22T14:09:12.751611+00:00 tags=4 cycle=72.5ms
2026-01-22 11:09:13,755 | INFO | OK plant=1 ts=2026-01-22T14:09:13.754065+00:00 tags=4 cycle=73.7ms
2026-01-22 11:09:14,756 | INFO | OK plant=1 ts=2026-01-22T14:09:14.755360+00:00 tags=4 cycle=73.6ms
2026-01-22 11:09:15,757 | INFO | OK plant=1 ts=2026-01-22T14:09:15.756646+00:00 tags=4 cycle=73.8ms
2026-01-22 11:09:16,759 | INFO | OK plant=1 ts=2026-01-22T14:09:16.758407+00:00 tags=4 cycle=74.8ms
2026-01-22 11:09:17,758 | INFO | OK plant=1 ts=2026-01-22T14:09:17.757699+00:00 tags=4 cycle=72.8ms
2026-01-22 11:09:18,761 | INFO | OK plant=1 ts=2026-01-22T14:09:18.760511+00:00 tags=4 cycle=74.9ms
2026-01-22 11:09:19,761 | INFO | OK plant=1 ts=2026-01-22T14:09:19.760442+00:00 tags=4 cycle=73.3ms
2026-01-22 11:09:20,761 | INFO | OK plant=1 ts=2026-01-22T14:09:20.761199+00:00 tags=4 cycle=72.7ms
2026-01-22 11:09:21,765 | INFO | OK plant=1 ts=2026-01-22T14:09:21.764473+00:00 tags=4 cycle=75.1ms
2026-01-22 11:09:22,769 | INFO | OK plant=1 ts=2026-01-22T14:09:22.768680+00:00 tags=4 cycle=78.2ms
2026-01-22 11:09:23,767 | INFO | OK plant=1 ts=2026-01-22T14:09:23.766050+00:00 tags=4 cycle=74.4ms
2026-01-22 11:09:24,769 | INFO | OK plant=1 ts=2026-01-22T14:09:24.768831+00:00 tags=4 cycle=75.9ms
2026-01-22 11:09:25,772 | INFO | OK plant=1 ts=2026-01-22T14:09:25.772337+00:00 tags=4 cycle=77.9ms
2026-01-22 11:09:26,855 | INFO | OK plant=1 ts=2026-01-22T14:09:26.854606+00:00 tags=4 cycle=77.9ms
2026-01-22 11:09:27,857 | INFO | OK plant=1 ts=2026-01-22T14:09:27.856540+00:00 tags=4 cycle=78.7ms
2026-01-22 11:09:28,866 | INFO | OK plant=1 ts=2026-01-22T14:09:28.864940+00:00 tags=4 cycle=78.6ms
2026-01-22 11:09:29,864 | INFO | OK plant=1 ts=2026-01-22T14:09:29.863140+00:00 tags=4 cycle=75.4ms
2026-01-22 11:09:30,866 | INFO | OK plant=1 ts=2026-01-22T14:09:30.865868+00:00 tags=4 cycle=77.1ms
2026-01-22 11:09:31,863 | INFO | OK plant=1 ts=2026-01-22T14:09:31.862879+00:00 tags=4 cycle=73.0ms
2026-01-22 11:09:32,866 | INFO | OK plant=1 ts=2026-01-22T14:09:32.865452+00:00 tags=4 cycle=74.9ms
2026-01-22 11:09:33,869 | INFO | OK plant=1 ts=2026-01-22T14:09:33.868289+00:00 tags=4 cycle=76.9ms
2026-01-22 11:09:34,871 | INFO | OK plant=1 ts=2026-01-22T14:09:34.870749+00:00 tags=4 cycle=77.8ms
2026-01-22 11:09:35,869 | INFO | OK plant=1 ts=2026-01-22T14:09:35.867980+00:00 tags=4 cycle=73.8ms
2026-01-22 11:09:36,871 | INFO | OK plant=1 ts=2026-01-22T14:09:36.870599+00:00 tags=4 cycle=75.3ms
2026-01-22 11:09:37,874 | INFO | OK plant=1 ts=2026-01-22T14:09:37.873790+00:00 tags=4 cycle=75.7ms
2026-01-22 11:09:38,873 | INFO | OK plant=1 ts=2026-01-22T14:09:38.872419+00:00 tags=4 cycle=73.3ms
2026-01-22 11:09:39,874 | INFO | OK plant=1 ts=2026-01-22T14:09:39.873294+00:00 tags=4 cycle=73.6ms
2026-01-22 11:09:40,876 | INFO | OK plant=1 ts=2026-01-22T14:09:40.875437+00:00 tags=4 cycle=75.1ms
2026-01-22 11:09:41,879 | INFO | OK plant=1 ts=2026-01-22T14:09:41.878570+00:00 tags=4 cycle=76.5ms
2026-01-22 11:09:42,877 | INFO | OK plant=1 ts=2026-01-22T14:09:42.876305+00:00 tags=4 cycle=73.6ms
2026-01-22 11:09:43,884 | INFO | OK plant=1 ts=2026-01-22T14:09:43.883941+00:00 tags=4 cycle=75.6ms
2026-01-22 11:09:44,882 | INFO | OK plant=1 ts=2026-01-22T14:09:44.882127+00:00 tags=4 cycle=72.9ms
2026-01-22 11:09:45,885 | INFO | OK plant=1 ts=2026-01-22T14:09:45.884305+00:00 tags=4 cycle=74.5ms
2026-01-22 11:09:46,887 | INFO | OK plant=1 ts=2026-01-22T14:09:46.886359+00:00 tags=4 cycle=75.5ms
2026-01-22 11:09:47,890 | INFO | OK plant=1 ts=2026-01-22T14:09:47.889888+00:00 tags=4 cycle=78.0ms
2026-01-22 11:09:48,886 | INFO | OK plant=1 ts=2026-01-22T14:09:48.885941+00:00 tags=4 cycle=73.2ms
2026-01-22 11:09:49,889 | INFO | OK plant=1 ts=2026-01-22T14:09:49.887988+00:00 tags=4 cycle=73.9ms
2026-01-22 11:09:50,892 | INFO | OK plant=1 ts=2026-01-22T14:09:50.891007+00:00 tags=4 cycle=75.9ms
2026-01-22 11:09:51,895 | INFO | OK plant=1 ts=2026-01-22T14:09:51.894291+00:00 tags=4 cycle=78.2ms
2026-01-22 11:09:52,892 | INFO | OK plant=1 ts=2026-01-22T14:09:52.891337+00:00 tags=4 cycle=73.7ms
2026-01-22 11:09:53,894 | INFO | OK plant=1 ts=2026-01-22T14:09:53.894272+00:00 tags=4 cycle=75.9ms
2026-01-22 11:09:54,899 | INFO | OK plant=1 ts=2026-01-22T14:09:54.898134+00:00 tags=4 cycle=79.4ms
2026-01-22 11:09:55,895 | INFO | OK plant=1 ts=2026-01-22T14:09:55.894343+00:00 tags=4 cycle=72.5ms
2026-01-22 11:09:56,899 | INFO | OK plant=1 ts=2026-01-22T14:09:56.898010+00:00 tags=4 cycle=74.7ms
2026-01-22 11:09:57,903 | INFO | OK plant=1 ts=2026-01-22T14:09:57.902326+00:00 tags=4 cycle=77.5ms
2026-01-22 11:09:58,904 | INFO | OK plant=1 ts=2026-01-22T14:09:58.903861+00:00 tags=4 cycle=78.1ms
2026-01-22 11:09:59,900 | INFO | OK plant=1 ts=2026-01-22T14:09:59.899862+00:00 tags=4 cycle=73.4ms
2026-01-22 11:10:00,904 | INFO | OK plant=1 ts=2026-01-22T14:10:00.903379+00:00 tags=4 cycle=76.3ms
2026-01-22 11:10:01,906 | INFO | OK plant=1 ts=2026-01-22T14:10:01.905839+00:00 tags=4 cycle=77.7ms
2026-01-22 11:10:02,903 | INFO | OK plant=1 ts=2026-01-22T14:10:02.902571+00:00 tags=4 cycle=74.1ms
2026-01-22 11:10:03,906 | INFO | OK plant=1 ts=2026-01-22T14:10:03.906019+00:00 tags=4 cycle=77.2ms
2026-01-22 11:10:04,904 | INFO | OK plant=1 ts=2026-01-22T14:10:04.903875+00:00 tags=4 cycle=73.5ms
2026-01-22 11:10:05,906 | INFO | OK plant=1 ts=2026-01-22T14:10:05.906168+00:00 tags=4 cycle=74.4ms
2026-01-22 11:10:06,910 | INFO | OK plant=1 ts=2026-01-22T14:10:06.909679+00:00 tags=4 cycle=77.5ms
2026-01-22 11:10:07,907 | INFO | OK plant=1 ts=2026-01-22T14:10:07.906649+00:00 tags=4 cycle=72.8ms
2026-01-22 11:10:08,910 | INFO | OK plant=1 ts=2026-01-22T14:10:08.910264+00:00 tags=4 cycle=75.4ms
2026-01-22 11:10:09,913 | INFO | OK plant=1 ts=2026-01-22T14:10:09.913047+00:00 tags=4 cycle=76.7ms
2026-01-22 11:10:10,961 | INFO | OK plant=1 ts=2026-01-22T14:10:10.960911+00:00 tags=4 cycle=80.2ms
2026-01-22 11:10:11,955 | INFO | OK plant=1 ts=2026-01-22T14:10:11.954935+00:00 tags=4 cycle=73.9ms
2026-01-22 11:10:12,958 | INFO | OK plant=1 ts=2026-01-22T14:10:12.957474+00:00 tags=4 cycle=75.2ms
2026-01-22 11:10:13,961 | INFO | OK plant=1 ts=2026-01-22T14:10:13.960539+00:00 tags=4 cycle=76.9ms
2026-01-22 11:10:14,963 | INFO | OK plant=1 ts=2026-01-22T14:10:14.962515+00:00 tags=4 cycle=77.6ms
2026-01-22 11:10:15,959 | INFO | OK plant=1 ts=2026-01-22T14:10:15.958599+00:00 tags=4 cycle=72.7ms
2026-01-22 11:10:16,964 | INFO | OK plant=1 ts=2026-01-22T14:10:16.963393+00:00 tags=4 cycle=77.0ms
2026-01-22 11:10:17,961 | INFO | OK plant=1 ts=2026-01-22T14:10:17.960580+00:00 tags=4 cycle=72.7ms
2026-01-22 11:10:18,964 | INFO | OK plant=1 ts=2026-01-22T14:10:18.963362+00:00 tags=4 cycle=74.3ms
2026-01-22 11:10:19,966 | INFO | OK plant=1 ts=2026-01-22T14:10:19.965791+00:00 tags=4 cycle=75.3ms
2026-01-22 11:10:20,964 | INFO | OK plant=1 ts=2026-01-22T14:10:20.963738+00:00 tags=4 cycle=72.8ms
2026-01-22 11:10:21,965 | INFO | OK plant=1 ts=2026-01-22T14:10:21.965106+00:00 tags=4 cycle=73.5ms
2026-01-22 11:10:22,967 | INFO | OK plant=1 ts=2026-01-22T14:10:22.966823+00:00 tags=4 cycle=73.6ms
2026-01-22 11:10:23,971 | INFO | OK plant=1 ts=2026-01-22T14:10:23.970511+00:00 tags=4 cycle=76.5ms
2026-01-22 11:10:24,973 | INFO | OK plant=1 ts=2026-01-22T14:10:24.972927+00:00 tags=4 cycle=77.1ms
2026-01-22 11:10:25,970 | INFO | OK plant=1 ts=2026-01-22T14:10:25.969555+00:00 tags=4 cycle=73.3ms
2026-01-22 11:10:26,972 | INFO | OK plant=1 ts=2026-01-22T14:10:26.972235+00:00 tags=4 cycle=74.4ms
2026-01-22 11:10:27,975 | INFO | OK plant=1 ts=2026-01-22T14:10:27.974425+00:00 tags=4 cycle=75.2ms
2026-01-22 11:10:28,977 | INFO | OK plant=1 ts=2026-01-22T14:10:28.976312+00:00 tags=4 cycle=76.1ms
2026-01-22 11:10:29,975 | INFO | OK plant=1 ts=2026-01-22T14:10:29.974958+00:00 tags=4 cycle=73.6ms
2026-01-22 11:10:30,978 | INFO | OK plant=1 ts=2026-01-22T14:10:30.977704+00:00 tags=4 cycle=75.3ms
2026-01-22 11:10:31,978 | INFO | OK plant=1 ts=2026-01-22T14:10:31.978096+00:00 tags=4 cycle=74.8ms
2026-01-22 11:10:32,980 | INFO | OK plant=1 ts=2026-01-22T14:10:32.979904+00:00 tags=4 cycle=75.6ms
2026-01-22 11:10:33,983 | INFO | OK plant=1 ts=2026-01-22T14:10:33.982733+00:00 tags=4 cycle=77.7ms
2026-01-22 11:10:34,980 | INFO | OK plant=1 ts=2026-01-22T14:10:34.980260+00:00 tags=4 cycle=74.5ms
2026-01-22 11:10:35,983 | INFO | OK plant=1 ts=2026-01-22T14:10:35.983063+00:00 tags=4 cycle=76.4ms
2026-01-22 11:10:36,986 | INFO | OK plant=1 ts=2026-01-22T14:10:36.985906+00:00 tags=4 cycle=78.5ms
2026-01-22 11:10:37,982 | INFO | OK plant=1 ts=2026-01-22T14:10:37.981585+00:00 tags=4 cycle=73.4ms
2026-01-22 11:10:38,984 | INFO | OK plant=1 ts=2026-01-22T14:10:38.983815+00:00 tags=4 cycle=75.2ms
2026-01-22 11:10:39,988 | INFO | OK plant=1 ts=2026-01-22T14:10:39.987666+00:00 tags=4 cycle=78.0ms
2026-01-22 11:10:40,988 | INFO | OK plant=1 ts=2026-01-22T14:10:40.988016+00:00 tags=4 cycle=76.8ms
2026-01-22 11:10:41,986 | INFO | OK plant=1 ts=2026-01-22T14:10:41.985387+00:00 tags=4 cycle=73.1ms
2026-01-22 11:10:42,989 | INFO | OK plant=1 ts=2026-01-22T14:10:42.988592+00:00 tags=4 cycle=75.6ms
2026-01-22 11:10:43,990 | INFO | OK plant=1 ts=2026-01-22T14:10:43.989558+00:00 tags=4 cycle=73.0ms
2026-01-22 11:10:44,993 | INFO | OK plant=1 ts=2026-01-22T14:10:44.993050+00:00 tags=4 cycle=76.2ms
2026-01-22 11:10:45,995 | INFO | OK plant=1 ts=2026-01-22T14:10:45.995307+00:00 tags=4 cycle=77.7ms
2026-01-22 11:10:46,992 | INFO | OK plant=1 ts=2026-01-22T14:10:46.991816+00:00 tags=4 cycle=73.2ms
2026-01-22 11:10:47,994 | INFO | OK plant=1 ts=2026-01-22T14:10:47.994202+00:00 tags=4 cycle=74.7ms
2026-01-22 11:10:48,999 | INFO | OK plant=1 ts=2026-01-22T14:10:48.998515+00:00 tags=4 cycle=78.0ms
2026-01-22 11:10:50,001 | INFO | OK plant=1 ts=2026-01-22T14:10:50.000541+00:00 tags=4 cycle=79.3ms
2026-01-22 11:10:50,997 | INFO | OK plant=1 ts=2026-01-22T14:10:50.996779+00:00 tags=4 cycle=74.4ms
2026-01-22 11:10:52,000 | INFO | OK plant=1 ts=2026-01-22T14:10:51.999877+00:00 tags=4 cycle=76.4ms
2026-01-22 11:10:52,999 | INFO | OK plant=1 ts=2026-01-22T14:10:52.998947+00:00 tags=4 cycle=75.0ms
2026-01-22 11:10:54,000 | INFO | OK plant=1 ts=2026-01-22T14:10:53.999866+00:00 tags=4 cycle=74.4ms
2026-01-22 11:10:55,005 | INFO | OK plant=1 ts=2026-01-22T14:10:55.005008+00:00 tags=4 cycle=79.4ms
2026-01-22 11:10:56,002 | INFO | OK plant=1 ts=2026-01-22T14:10:56.001405+00:00 tags=4 cycle=73.1ms
2026-01-22 11:10:57,008 | INFO | OK plant=1 ts=2026-01-22T14:10:57.007491+00:00 tags=4 cycle=76.6ms
2026-01-22 11:10:58,008 | INFO | OK plant=1 ts=2026-01-22T14:10:58.007659+00:00 tags=4 cycle=74.9ms
2026-01-22 11:10:59,016 | INFO | OK plant=1 ts=2026-01-22T14:10:59.015283+00:00 tags=4 cycle=77.7ms
2026-01-22 11:11:00,017 | INFO | OK plant=1 ts=2026-01-22T14:11:00.017167+00:00 tags=4 cycle=77.6ms
2026-01-22 11:11:01,026 | INFO | OK plant=1 ts=2026-01-22T14:11:01.026097+00:00 tags=4 cycle=75.1ms
2026-01-22 11:11:02,027 | INFO | OK plant=1 ts=2026-01-22T14:11:02.026437+00:00 tags=4 cycle=74.0ms
2026-01-22 11:11:03,030 | INFO | OK plant=1 ts=2026-01-22T14:11:03.029657+00:00 tags=4 cycle=76.7ms
2026-01-22 11:11:04,026 | INFO | OK plant=1 ts=2026-01-22T14:11:04.026383+00:00 tags=4 cycle=72.4ms
2026-01-22 11:11:05,028 | INFO | OK plant=1 ts=2026-01-22T14:11:05.027807+00:00 tags=4 cycle=72.8ms
2026-01-22 11:11:06,031 | INFO | OK plant=1 ts=2026-01-22T14:11:06.031125+00:00 tags=4 cycle=74.6ms
2026-01-22 11:11:07,033 | INFO | OK plant=1 ts=2026-01-22T14:11:07.033277+00:00 tags=4 cycle=75.8ms
2026-01-22 11:11:08,036 | INFO | OK plant=1 ts=2026-01-22T14:11:08.035672+00:00 tags=4 cycle=77.4ms
2026-01-22 11:11:09,033 | INFO | OK plant=1 ts=2026-01-22T14:11:09.032524+00:00 tags=4 cycle=73.4ms
2026-01-22 11:11:10,037 | INFO | OK plant=1 ts=2026-01-22T14:11:10.036915+00:00 tags=4 cycle=77.0ms
2026-01-22 11:11:11,045 | INFO | OK plant=1 ts=2026-01-22T14:11:11.044675+00:00 tags=4 cycle=84.1ms
2026-01-22 11:11:12,036 | INFO | OK plant=1 ts=2026-01-22T14:11:12.035943+00:00 tags=4 cycle=74.4ms
2026-01-22 11:11:13,040 | INFO | OK plant=1 ts=2026-01-22T14:11:13.039660+00:00 tags=4 cycle=77.5ms
2026-01-22 11:11:14,038 | INFO | OK plant=1 ts=2026-01-22T14:11:14.037427+00:00 tags=4 cycle=74.5ms
2026-01-22 11:11:15,040 | INFO | OK plant=1 ts=2026-01-22T14:11:15.039628+00:00 tags=4 cycle=75.5ms
2026-01-22 11:11:16,042 | INFO | OK plant=1 ts=2026-01-22T14:11:16.042286+00:00 tags=4 cycle=77.3ms
2026-01-22 11:11:17,043 | INFO | OK plant=1 ts=2026-01-22T14:11:17.042431+00:00 tags=4 cycle=76.6ms
2026-01-22 11:11:18,043 | INFO | OK plant=1 ts=2026-01-22T14:11:18.043068+00:00 tags=4 cycle=75.5ms
2026-01-22 11:11:19,043 | INFO | OK plant=1 ts=2026-01-22T14:11:19.042701+00:00 tags=4 cycle=74.6ms
2026-01-22 11:11:20,043 | INFO | OK plant=1 ts=2026-01-22T14:11:20.043466+00:00 tags=4 cycle=74.6ms
2026-01-22 11:11:21,047 | INFO | OK plant=1 ts=2026-01-22T14:11:21.046742+00:00 tags=4 cycle=77.4ms
2026-01-22 11:11:22,048 | INFO | OK plant=1 ts=2026-01-22T14:11:22.047982+00:00 tags=4 cycle=77.1ms
2026-01-22 11:11:23,046 | INFO | OK plant=1 ts=2026-01-22T14:11:23.045926+00:00 tags=4 cycle=73.9ms
2026-01-22 11:11:24,049 | INFO | OK plant=1 ts=2026-01-22T14:11:24.048977+00:00 tags=4 cycle=75.3ms
2026-01-22 11:11:25,052 | INFO | OK plant=1 ts=2026-01-22T14:11:25.052148+00:00 tags=4 cycle=77.5ms
2026-01-22 11:11:26,049 | INFO | OK plant=1 ts=2026-01-22T14:11:26.049395+00:00 tags=4 cycle=74.0ms
2026-01-22 11:11:27,051 | INFO | OK plant=1 ts=2026-01-22T14:11:27.050695+00:00 tags=4 cycle=74.4ms
2026-01-22 11:11:28,055 | INFO | OK plant=1 ts=2026-01-22T14:11:28.054967+00:00 tags=4 cycle=76.8ms
2026-01-22 11:11:29,057 | INFO | OK plant=1 ts=2026-01-22T14:11:29.057006+00:00 tags=4 cycle=78.2ms
2026-01-22 11:11:30,054 | INFO | OK plant=1 ts=2026-01-22T14:11:30.053748+00:00 tags=4 cycle=74.1ms
2026-01-22 11:11:31,057 | INFO | OK plant=1 ts=2026-01-22T14:11:31.057221+00:00 tags=4 cycle=76.9ms
2026-01-22 11:11:32,054 | INFO | OK plant=1 ts=2026-01-22T14:11:32.054428+00:00 tags=4 cycle=73.3ms
2026-01-22 11:11:33,060 | INFO | OK plant=1 ts=2026-01-22T14:11:33.059782+00:00 tags=4 cycle=77.8ms
2026-01-22 11:11:34,056 | INFO | OK plant=1 ts=2026-01-22T14:11:34.055625+00:00 tags=4 cycle=72.5ms
2026-01-22 11:11:35,059 | INFO | OK plant=1 ts=2026-01-22T14:11:35.058753+00:00 tags=4 cycle=74.8ms
2026-01-22 11:11:36,062 | INFO | OK plant=1 ts=2026-01-22T14:11:36.061810+00:00 tags=4 cycle=76.8ms
2026-01-22 11:11:37,059 | INFO | OK plant=1 ts=2026-01-22T14:11:37.058782+00:00 tags=4 cycle=73.4ms
2026-01-22 11:11:38,062 | INFO | OK plant=1 ts=2026-01-22T14:11:38.061551+00:00 tags=4 cycle=74.9ms
2026-01-22 11:11:39,066 | INFO | OK plant=1 ts=2026-01-22T14:11:39.066304+00:00 tags=4 cycle=79.2ms
2026-01-22 11:11:40,061 | INFO | OK plant=1 ts=2026-01-22T14:11:40.061435+00:00 tags=4 cycle=74.0ms
2026-01-22 11:11:41,064 | INFO | OK plant=1 ts=2026-01-22T14:11:41.063860+00:00 tags=4 cycle=75.2ms
2026-01-22 11:11:42,066 | INFO | OK plant=1 ts=2026-01-22T14:11:42.065752+00:00 tags=4 cycle=76.7ms
2026-01-22 11:11:43,063 | INFO | OK plant=1 ts=2026-01-22T14:11:43.062928+00:00 tags=4 cycle=72.8ms
2026-01-22 11:11:44,066 | INFO | OK plant=1 ts=2026-01-22T14:11:44.066206+00:00 tags=4 cycle=75.8ms
2026-01-22 11:11:45,069 | INFO | OK plant=1 ts=2026-01-22T14:11:45.069138+00:00 tags=4 cycle=77.2ms
2026-01-22 11:11:46,068 | INFO | OK plant=1 ts=2026-01-22T14:11:46.067928+00:00 tags=4 cycle=75.3ms
2026-01-22 11:11:47,069 | INFO | OK plant=1 ts=2026-01-22T14:11:47.068690+00:00 tags=4 cycle=75.7ms
2026-01-22 11:11:48,066 | INFO | OK plant=1 ts=2026-01-22T14:11:48.066193+00:00 tags=4 cycle=72.8ms
2026-01-22 11:11:49,068 | INFO | OK plant=1 ts=2026-01-22T14:11:49.068155+00:00 tags=4 cycle=73.4ms
2026-01-22 11:11:50,070 | INFO | OK plant=1 ts=2026-01-22T14:11:50.070311+00:00 tags=4 cycle=74.9ms
2026-01-22 11:11:51,074 | INFO | OK plant=1 ts=2026-01-22T14:11:51.073561+00:00 tags=4 cycle=77.7ms
2026-01-22 11:11:52,070 | INFO | OK plant=1 ts=2026-01-22T14:11:52.069900+00:00 tags=4 cycle=73.2ms
2026-01-22 11:11:53,073 | INFO | OK plant=1 ts=2026-01-22T14:11:53.072796+00:00 tags=4 cycle=75.3ms
2026-01-22 11:11:54,071 | INFO | OK plant=1 ts=2026-01-22T14:11:54.071221+00:00 tags=4 cycle=73.1ms
2026-01-22 11:11:55,073 | INFO | OK plant=1 ts=2026-01-22T14:11:55.073169+00:00 tags=4 cycle=74.5ms
2026-01-22 11:11:56,076 | INFO | OK plant=1 ts=2026-01-22T14:11:56.076336+00:00 tags=4 cycle=76.5ms
2026-01-22 11:11:57,073 | INFO | OK plant=1 ts=2026-01-22T14:11:57.073389+00:00 tags=4 cycle=73.2ms
2026-01-22 11:11:58,077 | INFO | OK plant=1 ts=2026-01-22T14:11:58.076624+00:00 tags=4 cycle=75.8ms
2026-01-22 11:11:59,075 | INFO | OK plant=1 ts=2026-01-22T14:11:59.074796+00:00 tags=4 cycle=72.8ms
2026-01-22 11:12:00,078 | INFO | OK plant=1 ts=2026-01-22T14:12:00.077158+00:00 tags=4 cycle=73.9ms
2026-01-22 11:12:01,080 | INFO | OK plant=1 ts=2026-01-22T14:12:01.080412+00:00 tags=4 cycle=74.8ms
2026-01-22 11:12:02,083 | INFO | OK plant=1 ts=2026-01-22T14:12:02.082354+00:00 tags=4 cycle=75.8ms
2026-01-22 11:12:03,085 | INFO | OK plant=1 ts=2026-01-22T14:12:03.084550+00:00 tags=4 cycle=77.2ms
2026-01-22 11:12:04,085 | INFO | OK plant=1 ts=2026-01-22T14:12:04.085046+00:00 tags=4 cycle=77.2ms
2026-01-22 11:12:05,129 | INFO | OK plant=1 ts=2026-01-22T14:12:05.128874+00:00 tags=4 cycle=73.3ms
2026-01-22 11:12:06,129 | INFO | OK plant=1 ts=2026-01-22T14:12:06.129180+00:00 tags=4 cycle=73.2ms
2026-01-22 11:12:07,131 | INFO | OK plant=1 ts=2026-01-22T14:12:07.130847+00:00 tags=4 cycle=73.8ms
2026-01-22 11:12:08,133 | INFO | OK plant=1 ts=2026-01-22T14:12:08.133120+00:00 tags=4 cycle=74.9ms
2026-01-22 11:12:09,136 | INFO | OK plant=1 ts=2026-01-22T14:12:09.136447+00:00 tags=4 cycle=77.0ms
2026-01-22 11:12:10,138 | INFO | OK plant=1 ts=2026-01-22T14:12:10.137645+00:00 tags=4 cycle=77.7ms
2026-01-22 11:12:11,134 | INFO | OK plant=1 ts=2026-01-22T14:12:11.134145+00:00 tags=4 cycle=73.8ms
2026-01-22 11:12:12,136 | INFO | OK plant=1 ts=2026-01-22T14:12:12.136070+00:00 tags=4 cycle=75.5ms
2026-01-22 11:12:13,137 | INFO | OK plant=1 ts=2026-01-22T14:12:13.137056+00:00 tags=4 cycle=73.4ms
2026-01-22 11:12:14,139 | INFO | OK plant=1 ts=2026-01-22T14:12:14.139436+00:00 tags=4 cycle=74.7ms
2026-01-22 11:12:15,143 | INFO | OK plant=1 ts=2026-01-22T14:12:15.142325+00:00 tags=4 cycle=77.4ms
2026-01-22 11:12:16,139 | INFO | OK plant=1 ts=2026-01-22T14:12:16.139219+00:00 tags=4 cycle=73.4ms
2026-01-22 11:12:17,143 | INFO | OK plant=1 ts=2026-01-22T14:12:17.142863+00:00 tags=4 cycle=76.9ms
2026-01-22 11:12:18,149 | INFO | OK plant=1 ts=2026-01-22T14:12:18.148540+00:00 tags=4 cycle=75.1ms
2026-01-22 11:12:19,151 | INFO | OK plant=1 ts=2026-01-22T14:12:19.150942+00:00 tags=4 cycle=76.7ms
2026-01-22 11:12:20,147 | INFO | OK plant=1 ts=2026-01-22T14:12:20.147417+00:00 tags=4 cycle=72.3ms
2026-01-22 11:12:21,151 | INFO | OK plant=1 ts=2026-01-22T14:12:21.150585+00:00 tags=4 cycle=74.3ms
2026-01-22 11:12:22,154 | INFO | OK plant=1 ts=2026-01-22T14:12:22.153531+00:00 tags=4 cycle=76.4ms
2026-01-22 11:12:23,151 | INFO | OK plant=1 ts=2026-01-22T14:12:23.150653+00:00 tags=4 cycle=72.1ms
2026-01-22 11:12:24,152 | INFO | OK plant=1 ts=2026-01-22T14:12:24.151700+00:00 tags=4 cycle=72.3ms
2026-01-22 11:12:25,156 | INFO | OK plant=1 ts=2026-01-22T14:12:25.155190+00:00 tags=4 cycle=75.5ms
2026-01-22 11:12:26,157 | INFO | OK plant=1 ts=2026-01-22T14:12:26.157149+00:00 tags=4 cycle=75.8ms
2026-01-22 11:12:27,160 | INFO | OK plant=1 ts=2026-01-22T14:12:27.159657+00:00 tags=4 cycle=77.8ms
2026-01-22 11:12:28,160 | INFO | OK plant=1 ts=2026-01-22T14:12:28.159588+00:00 tags=4 cycle=76.7ms
2026-01-22 11:12:29,168 | INFO | OK plant=1 ts=2026-01-22T14:12:29.167669+00:00 tags=4 cycle=74.8ms
2026-01-22 11:12:30,168 | INFO | OK plant=1 ts=2026-01-22T14:12:30.168291+00:00 tags=4 cycle=74.8ms
2026-01-22 11:12:31,170 | INFO | OK plant=1 ts=2026-01-22T14:12:31.169956+00:00 tags=4 cycle=75.6ms
2026-01-22 11:12:32,168 | INFO | OK plant=1 ts=2026-01-22T14:12:32.168029+00:00 tags=4 cycle=72.4ms
2026-01-22 11:12:33,171 | INFO | OK plant=1 ts=2026-01-22T14:12:33.170464+00:00 tags=4 cycle=73.9ms
2026-01-22 11:12:34,186 | INFO | OK plant=1 ts=2026-01-22T14:12:34.185530+00:00 tags=4 cycle=72.9ms
2026-01-22 11:12:35,188 | INFO | OK plant=1 ts=2026-01-22T14:12:35.187540+00:00 tags=4 cycle=74.8ms
2026-01-22 11:12:36,190 | INFO | OK plant=1 ts=2026-01-22T14:12:36.190280+00:00 tags=4 cycle=76.3ms
2026-01-22 11:12:37,187 | INFO | OK plant=1 ts=2026-01-22T14:12:37.187286+00:00 tags=4 cycle=72.3ms
2026-01-22 11:12:38,189 | INFO | OK plant=1 ts=2026-01-22T14:12:38.189213+00:00 tags=4 cycle=72.6ms
2026-01-22 11:12:39,192 | INFO | OK plant=1 ts=2026-01-22T14:12:39.191606+00:00 tags=4 cycle=74.5ms
2026-01-22 11:12:40,195 | INFO | OK plant=1 ts=2026-01-22T14:12:40.194528+00:00 tags=4 cycle=75.9ms
2026-01-22 11:12:41,193 | INFO | OK plant=1 ts=2026-01-22T14:12:41.192886+00:00 tags=4 cycle=74.1ms
2026-01-22 11:12:42,196 | INFO | OK plant=1 ts=2026-01-22T14:12:42.196059+00:00 tags=4 cycle=76.1ms
2026-01-22 11:12:43,198 | INFO | OK plant=1 ts=2026-01-22T14:12:43.197677+00:00 tags=4 cycle=76.9ms
2026-01-22 11:12:44,195 | INFO | OK plant=1 ts=2026-01-22T14:12:44.194977+00:00 tags=4 cycle=74.0ms
2026-01-22 11:12:45,197 | INFO | OK plant=1 ts=2026-01-22T14:12:45.196391+00:00 tags=4 cycle=74.8ms
2026-01-22 11:12:46,201 | INFO | OK plant=1 ts=2026-01-22T14:12:46.200338+00:00 tags=4 cycle=77.9ms
2026-01-22 11:12:47,197 | INFO | OK plant=1 ts=2026-01-22T14:12:47.197015+00:00 tags=4 cycle=73.7ms
2026-01-22 11:12:48,201 | INFO | OK plant=1 ts=2026-01-22T14:12:48.201037+00:00 tags=4 cycle=76.1ms
2026-01-22 11:12:49,203 | INFO | OK plant=1 ts=2026-01-22T14:12:49.202220+00:00 tags=4 cycle=75.1ms
2026-01-22 11:12:50,206 | INFO | OK plant=1 ts=2026-01-22T14:12:50.205328+00:00 tags=4 cycle=73.4ms
2026-01-22 11:12:51,209 | INFO | OK plant=1 ts=2026-01-22T14:12:51.208310+00:00 tags=4 cycle=75.9ms
2026-01-22 11:12:52,211 | INFO | OK plant=1 ts=2026-01-22T14:12:52.210488+00:00 tags=4 cycle=76.9ms
2026-01-22 11:12:53,208 | INFO | OK plant=1 ts=2026-01-22T14:12:53.207712+00:00 tags=4 cycle=72.9ms
2026-01-22 11:12:54,214 | INFO | OK plant=1 ts=2026-01-22T14:12:54.213329+00:00 tags=4 cycle=77.5ms
2026-01-22 11:12:55,213 | INFO | OK plant=1 ts=2026-01-22T14:12:55.213110+00:00 tags=4 cycle=75.1ms
2026-01-22 11:12:56,215 | INFO | OK plant=1 ts=2026-01-22T14:12:56.215162+00:00 tags=4 cycle=76.3ms
2026-01-22 11:12:57,217 | INFO | OK plant=1 ts=2026-01-22T14:12:57.216574+00:00 tags=4 cycle=76.5ms
2026-01-22 11:12:58,217 | INFO | OK plant=1 ts=2026-01-22T14:12:58.216399+00:00 tags=4 cycle=75.7ms
2026-01-22 11:12:59,218 | INFO | OK plant=1 ts=2026-01-22T14:12:59.218324+00:00 tags=4 cycle=76.6ms
2026-01-22 11:13:00,216 | INFO | OK plant=1 ts=2026-01-22T14:13:00.215082+00:00 tags=4 cycle=72.8ms
2026-01-22 11:13:01,217 | INFO | OK plant=1 ts=2026-01-22T14:13:01.217127+00:00 tags=4 cycle=72.4ms
2026-01-22 11:13:02,219 | INFO | OK plant=1 ts=2026-01-22T14:13:02.218905+00:00 tags=4 cycle=73.1ms
2026-01-22 11:13:03,220 | INFO | OK plant=1 ts=2026-01-22T14:13:03.220199+00:00 tags=4 cycle=73.2ms
2026-01-22 11:13:04,221 | INFO | OK plant=1 ts=2026-01-22T14:13:04.221201+00:00 tags=4 cycle=73.5ms
2026-01-22 11:13:05,223 | INFO | OK plant=1 ts=2026-01-22T14:13:05.222713+00:00 tags=4 cycle=72.8ms
2026-01-22 11:13:06,224 | INFO | OK plant=1 ts=2026-01-22T14:13:06.223588+00:00 tags=4 cycle=72.9ms
2026-01-22 11:13:07,226 | INFO | OK plant=1 ts=2026-01-22T14:13:07.226089+00:00 tags=4 cycle=74.1ms
2026-01-22 11:13:08,227 | INFO | OK plant=1 ts=2026-01-22T14:13:08.227115+00:00 tags=4 cycle=74.4ms
2026-01-22 11:13:09,230 | INFO | OK plant=1 ts=2026-01-22T14:13:09.229769+00:00 tags=4 cycle=76.1ms
2026-01-22 11:13:10,230 | INFO | OK plant=1 ts=2026-01-22T14:13:10.229752+00:00 tags=4 cycle=75.5ms
2026-01-22 11:13:11,233 | INFO | OK plant=1 ts=2026-01-22T14:13:11.232847+00:00 tags=4 cycle=77.0ms
2026-01-22 11:13:12,233 | INFO | OK plant=1 ts=2026-01-22T14:13:12.233050+00:00 tags=4 cycle=75.3ms
2026-01-22 11:13:13,237 | INFO | OK plant=1 ts=2026-01-22T14:13:13.236194+00:00 tags=4 cycle=77.1ms
2026-01-22 11:13:14,238 | INFO | OK plant=1 ts=2026-01-22T14:13:14.237609+00:00 tags=4 cycle=77.5ms
2026-01-22 11:13:15,240 | INFO | OK plant=1 ts=2026-01-22T14:13:15.239350+00:00 tags=4 cycle=78.1ms
2026-01-22 11:13:16,241 | INFO | OK plant=1 ts=2026-01-22T14:13:16.240497+00:00 tags=4 cycle=77.5ms
2026-01-22 11:13:17,238 | INFO | OK plant=1 ts=2026-01-22T14:13:17.237481+00:00 tags=4 cycle=73.5ms
2026-01-22 11:13:18,239 | INFO | OK plant=1 ts=2026-01-22T14:13:18.239048+00:00 tags=4 cycle=73.1ms
2026-01-22 11:13:19,242 | INFO | OK plant=1 ts=2026-01-22T14:13:19.242022+00:00 tags=4 cycle=75.7ms
2026-01-22 11:13:20,243 | INFO | OK plant=1 ts=2026-01-22T14:13:20.243295+00:00 tags=4 cycle=75.5ms
2026-01-22 11:13:21,245 | INFO | OK plant=1 ts=2026-01-22T14:13:21.245148+00:00 tags=4 cycle=76.8ms
2026-01-22 11:13:22,242 | INFO | OK plant=1 ts=2026-01-22T14:13:22.241294+00:00 tags=4 cycle=72.6ms
2026-01-22 11:13:23,245 | INFO | OK plant=1 ts=2026-01-22T14:13:23.244346+00:00 tags=4 cycle=74.1ms
2026-01-22 11:13:24,249 | INFO | OK plant=1 ts=2026-01-22T14:13:24.248925+00:00 tags=4 cycle=78.4ms
2026-01-22 11:13:25,250 | INFO | OK plant=1 ts=2026-01-22T14:13:25.249163+00:00 tags=4 cycle=77.6ms
2026-01-22 11:13:26,246 | INFO | OK plant=1 ts=2026-01-22T14:13:26.245620+00:00 tags=4 cycle=72.5ms
2026-01-22 11:13:27,249 | INFO | OK plant=1 ts=2026-01-22T14:13:27.248886+00:00 tags=4 cycle=74.2ms
2026-01-22 11:13:28,251 | INFO | OK plant=1 ts=2026-01-22T14:13:28.250440+00:00 tags=4 cycle=74.8ms
2026-01-22 11:13:29,255 | INFO | OK plant=1 ts=2026-01-22T14:13:29.254774+00:00 tags=4 cycle=77.7ms
2026-01-22 11:13:30,251 | INFO | OK plant=1 ts=2026-01-22T14:13:30.250832+00:00 tags=4 cycle=72.9ms
2026-01-22 11:13:31,301 | INFO | OK plant=1 ts=2026-01-22T14:13:31.300595+00:00 tags=4 cycle=72.2ms
2026-01-22 11:13:32,303 | INFO | OK plant=1 ts=2026-01-22T14:13:32.302953+00:00 tags=4 cycle=74.3ms
2026-01-22 11:13:33,303 | INFO | OK plant=1 ts=2026-01-22T14:13:33.303051+00:00 tags=4 cycle=73.2ms
2026-01-22 11:13:34,307 | INFO | OK plant=1 ts=2026-01-22T14:13:34.306410+00:00 tags=4 cycle=75.8ms
2026-01-22 11:13:35,308 | INFO | OK plant=1 ts=2026-01-22T14:13:35.307353+00:00 tags=4 cycle=75.9ms
2026-01-22 11:13:36,305 | INFO | OK plant=1 ts=2026-01-22T14:13:36.304425+00:00 tags=4 cycle=72.5ms
2026-01-22 11:13:37,307 | INFO | OK plant=1 ts=2026-01-22T14:13:37.306904+00:00 tags=4 cycle=72.8ms
2026-01-22 11:13:38,310 | INFO | OK plant=1 ts=2026-01-22T14:13:38.309882+00:00 tags=4 cycle=74.6ms
2026-01-22 11:13:39,313 | INFO | OK plant=1 ts=2026-01-22T14:13:39.312529+00:00 tags=4 cycle=76.0ms
2026-01-22 11:13:40,314 | INFO | OK plant=1 ts=2026-01-22T14:13:40.314042+00:00 tags=4 cycle=76.4ms
2026-01-22 11:13:41,316 | INFO | OK plant=1 ts=2026-01-22T14:13:41.315530+00:00 tags=4 cycle=76.9ms
2026-01-22 11:13:42,312 | INFO | OK plant=1 ts=2026-01-22T14:13:42.311650+00:00 tags=4 cycle=72.9ms
2026-01-22 11:13:43,319 | INFO | OK plant=1 ts=2026-01-22T14:13:43.318833+00:00 tags=4 cycle=77.4ms
2026-01-22 11:13:44,320 | INFO | OK plant=1 ts=2026-01-22T14:13:44.319663+00:00 tags=4 cycle=77.4ms
2026-01-22 11:13:45,316 | INFO | OK plant=1 ts=2026-01-22T14:13:45.316025+00:00 tags=4 cycle=73.1ms
2026-01-22 11:13:46,319 | INFO | OK plant=1 ts=2026-01-22T14:13:46.318250+00:00 tags=4 cycle=73.6ms
2026-01-22 11:13:47,321 | INFO | OK plant=1 ts=2026-01-22T14:13:47.320756+00:00 tags=4 cycle=74.9ms
2026-01-22 11:13:48,322 | INFO | OK plant=1 ts=2026-01-22T14:13:48.321914+00:00 tags=4 cycle=73.4ms
2026-01-22 11:13:49,324 | INFO | OK plant=1 ts=2026-01-22T14:13:49.323670+00:00 tags=4 cycle=74.2ms
2026-01-22 11:13:50,326 | INFO | OK plant=1 ts=2026-01-22T14:13:50.325781+00:00 tags=4 cycle=75.3ms
2026-01-22 11:13:51,326 | INFO | OK plant=1 ts=2026-01-22T14:13:51.326079+00:00 tags=4 cycle=74.2ms
2026-01-22 11:13:52,326 | INFO | OK plant=1 ts=2026-01-22T14:13:52.326068+00:00 tags=4 cycle=73.6ms
2026-01-22 11:13:53,331 | INFO | OK plant=1 ts=2026-01-22T14:13:53.331052+00:00 tags=4 cycle=77.4ms
2026-01-22 11:13:54,332 | INFO | OK plant=1 ts=2026-01-22T14:13:54.332069+00:00 tags=4 cycle=75.7ms
2026-01-22 11:13:55,334 | INFO | OK plant=1 ts=2026-01-22T14:13:55.333406+00:00 tags=4 cycle=75.8ms
2026-01-22 11:13:56,333 | INFO | OK plant=1 ts=2026-01-22T14:13:56.332758+00:00 tags=4 cycle=74.0ms
2026-01-22 11:13:57,336 | INFO | OK plant=1 ts=2026-01-22T14:13:57.335434+00:00 tags=4 cycle=76.0ms
2026-01-22 11:13:58,343 | INFO | OK plant=1 ts=2026-01-22T14:13:58.342410+00:00 tags=4 cycle=77.7ms
2026-01-22 11:13:59,341 | INFO | OK plant=1 ts=2026-01-22T14:13:59.340575+00:00 tags=4 cycle=74.7ms
2026-01-22 11:14:00,341 | INFO | OK plant=1 ts=2026-01-22T14:14:00.341195+00:00 tags=4 cycle=74.6ms
2026-01-22 11:14:01,342 | INFO | OK plant=1 ts=2026-01-22T14:14:01.341817+00:00 tags=4 cycle=74.8ms
2026-01-22 11:14:02,343 | INFO | OK plant=1 ts=2026-01-22T14:14:02.342937+00:00 tags=4 cycle=75.1ms
2026-01-22 11:14:03,344 | INFO | OK plant=1 ts=2026-01-22T14:14:03.343332+00:00 tags=4 cycle=74.2ms
2026-01-22 11:14:04,345 | INFO | OK plant=1 ts=2026-01-22T14:14:04.344759+00:00 tags=4 cycle=74.3ms
2026-01-22 11:14:05,344 | INFO | OK plant=1 ts=2026-01-22T14:14:05.344091+00:00 tags=4 cycle=72.6ms
2026-01-22 11:14:06,351 | INFO | OK plant=1 ts=2026-01-22T14:14:06.350868+00:00 tags=4 cycle=78.2ms
2026-01-22 11:14:07,351 | INFO | OK plant=1 ts=2026-01-22T14:14:07.351075+00:00 tags=4 cycle=77.5ms
2026-01-22 11:14:08,352 | INFO | OK plant=1 ts=2026-01-22T14:14:08.352237+00:00 tags=4 cycle=76.4ms
2026-01-22 11:14:09,353 | INFO | OK plant=1 ts=2026-01-22T14:14:09.352575+00:00 tags=4 cycle=76.0ms
2026-01-22 11:14:10,354 | INFO | OK plant=1 ts=2026-01-22T14:14:10.353507+00:00 tags=4 cycle=75.2ms
2026-01-22 11:14:11,357 | INFO | OK plant=1 ts=2026-01-22T14:14:11.356407+00:00 tags=4 cycle=76.8ms
2026-01-22 11:14:12,358 | INFO | OK plant=1 ts=2026-01-22T14:14:12.357346+00:00 tags=4 cycle=77.3ms
2026-01-22 11:14:13,354 | INFO | OK plant=1 ts=2026-01-22T14:14:13.353616+00:00 tags=4 cycle=72.5ms
2026-01-22 11:14:14,355 | INFO | OK plant=1 ts=2026-01-22T14:14:14.354717+00:00 tags=4 cycle=72.5ms
2026-01-22 11:14:15,357 | INFO | OK plant=1 ts=2026-01-22T14:14:15.356584+00:00 tags=4 cycle=73.4ms
2026-01-22 11:14:16,362 | INFO | OK plant=1 ts=2026-01-22T14:14:16.361275+00:00 tags=4 cycle=77.6ms
2026-01-22 11:14:17,363 | INFO | OK plant=1 ts=2026-01-22T14:14:17.362630+00:00 tags=4 cycle=72.6ms
2026-01-22 11:14:18,366 | INFO | OK plant=1 ts=2026-01-22T14:14:18.365736+00:00 tags=4 cycle=75.0ms
2026-01-22 11:14:19,368 | INFO | OK plant=1 ts=2026-01-22T14:14:19.367903+00:00 tags=4 cycle=75.5ms
2026-01-22 11:14:20,370 | INFO | OK plant=1 ts=2026-01-22T14:14:20.369019+00:00 tags=4 cycle=75.8ms
2026-01-22 11:14:21,373 | INFO | OK plant=1 ts=2026-01-22T14:14:21.372308+00:00 tags=4 cycle=77.9ms
2026-01-22 11:14:22,369 | INFO | OK plant=1 ts=2026-01-22T14:14:22.369215+00:00 tags=4 cycle=74.2ms
2026-01-22 11:14:23,373 | INFO | OK plant=1 ts=2026-01-22T14:14:23.372386+00:00 tags=4 cycle=76.7ms
2026-01-22 11:14:24,370 | INFO | OK plant=1 ts=2026-01-22T14:14:24.369600+00:00 tags=4 cycle=73.6ms
2026-01-22 11:19:32,044 | INFO | START plant=1 source=rockwell plc=192.168.11.10/0 poll=1.0s tags=4
2026-01-22 11:19:37,069 | INFO | CONNECTED plc=192.168.11.10/0
2026-01-22 11:19:37,146 | INFO | OK plant=1 ts=2026-01-22T14:19:37.145911+00:00 tags=4 sample=[('d0', 2.5087499618530273), ('d1', 0.1875937432050705), ('d2', 0.23804999887943268), ('d3', 2.2153313159942627)] cycle=76.5ms
2026-01-22 11:19:38,146 | INFO | OK plant=1 ts=2026-01-22T14:19:38.146049+00:00 tags=4 sample=[('d0', 2.502000093460083), ('d1', 0.18629999458789825), ('d2', 0.2363249957561493), ('d3', 2.2256813049316406)] cycle=75.4ms
2026-01-22 11:19:39,146 | INFO | OK plant=1 ts=2026-01-22T14:19:39.146102+00:00 tags=4 sample=[('d0', 2.4809999465942383), ('d1', 0.17810624837875366), ('d2', 0.23158124089241028), ('d3', 2.2071375846862793)] cycle=74.9ms
2026-01-22 11:19:40,149 | INFO | OK plant=1 ts=2026-01-22T14:19:40.148604+00:00 tags=4 sample=[('d0', 2.518125057220459), ('d1', 0.18069374561309814), ('d2', 0.23589374125003815), ('d3', 2.228268623352051)] cycle=76.8ms
2026-01-22 11:19:41,151 | INFO | OK plant=1 ts=2026-01-22T14:19:41.150338+00:00 tags=4 sample=[('d0', 2.530125141143799), ('d1', 0.180262491106987), ('d2', 0.23115000128746033), ('d3', 2.213606119155884)] cycle=77.5ms
2026-01-22 11:19:42,146 | INFO | OK plant=1 ts=2026-01-22T14:19:42.146112+00:00 tags=4 sample=[('d0', 2.5147500038146973), ('d1', 0.17810624837875366), ('d2', 0.2289937436580658), ('d3', 2.195493698120117)] cycle=72.4ms
2026-01-22 11:19:43,149 | INFO | OK plant=1 ts=2026-01-22T14:19:43.148507+00:00 tags=4 sample=[('d0', 2.5188751220703125), ('d1', 0.18975000083446503), ('d2', 0.2419312447309494), ('d3', 2.225250005722046)] cycle=73.9ms
2026-01-22 11:19:44,150 | INFO | OK plant=1 ts=2026-01-22T14:19:44.149741+00:00 tags=4 sample=[('d0', 2.5087499618530273), ('d1', 0.1858687549829483), ('d2', 0.23848125338554382), ('d3', 2.2110188007354736)] cycle=74.3ms
2026-01-22 11:19:45,152 | INFO | OK plant=1 ts=2026-01-22T14:19:45.151394+00:00 tags=4 sample=[('d0', 2.4862499237060547), ('d1', 0.18069374561309814), ('d2', 0.23244374990463257), ('d3', 2.201962471008301)] cycle=74.4ms
2026-01-22 11:19:46,156 | INFO | OK plant=1 ts=2026-01-22T14:19:46.156032+00:00 tags=4 sample=[('d0', 2.505000114440918), ('d1', 0.18241874873638153), ('d2', 0.23330624401569366), ('d3', 2.2226624488830566)] cycle=77.4ms
2026-01-22 11:19:47,159 | INFO | OK plant=1 ts=2026-01-22T14:19:47.158247+00:00 tags=4 sample=[('d0', 2.493000030517578), ('d1', 0.18457499146461487), ('d2', 0.23804999887943268), ('d3', 2.223525047302246)] cycle=78.8ms
2026-01-22 11:19:48,155 | INFO | OK plant=1 ts=2026-01-22T14:19:48.154234+00:00 tags=4 sample=[('d0', 2.5053749084472656), ('d1', 0.1867312490940094), ('d2', 0.23848125338554382), ('d3', 2.220937490463257)] cycle=73.3ms
2026-01-22 11:19:49,157 | INFO | OK plant=1 ts=2026-01-22T14:19:49.157363+00:00 tags=4 sample=[('d0', 2.5218749046325684), ('d1', 0.1746562421321869), ('d2', 0.2264062464237213), ('d3', 2.194200038909912)] cycle=75.1ms
2026-01-22 11:19:50,160 | INFO | OK plant=1 ts=2026-01-22T14:19:50.160240+00:00 tags=4 sample=[('d0', 2.494874954223633), ('d1', 0.17508749663829803), ('d2', 0.22769999504089355), ('d3', 2.205843687057495)] cycle=76.1ms
2026-01-22 11:19:51,163 | INFO | OK plant=1 ts=2026-01-22T14:19:51.162436+00:00 tags=4 sample=[('d0', 2.506500005722046), ('d1', 0.18888749182224274), ('d2', 0.23804999887943268), ('d3', 2.2360312938690186)] cycle=77.8ms
2026-01-22 11:19:52,161 | INFO | OK plant=1 ts=2026-01-22T14:19:52.160877+00:00 tags=4 sample=[('d0', 2.4855000972747803), ('d1', 0.18845625221729279), ('d2', 0.24063749611377716), ('d3', 2.229562520980835)] cycle=75.2ms
2026-01-22 11:19:53,168 | INFO | OK plant=1 ts=2026-01-22T14:19:53.167376+00:00 tags=4 sample=[('d0', 2.521125078201294), ('d1', 0.18371249735355377), ('d2', 0.23675625026226044), ('d3', 2.220506191253662)] cycle=76.6ms
2026-01-22 11:19:54,170 | INFO | OK plant=1 ts=2026-01-22T14:19:54.169606+00:00 tags=4 sample=[('d0', 2.5147500038146973), ('d1', 0.17638124525547028), ('d2', 0.22985625267028809), ('d3', 2.208862543106079)] cycle=78.2ms
2026-01-22 11:19:55,166 | INFO | OK plant=1 ts=2026-01-22T14:19:55.165707+00:00 tags=4 sample=[('d0', 2.499000072479248), ('d1', 0.17638124525547028), ('d2', 0.23071874678134918), ('d3', 2.2127437591552734)] cycle=72.8ms
2026-01-22 11:19:56,169 | INFO | OK plant=1 ts=2026-01-22T14:19:56.168236+00:00 tags=4 sample=[('d0', 2.519624948501587), ('d1', 0.1811250001192093), ('d2', 0.2328750044107437), ('d3', 2.208862543106079)] cycle=73.2ms
2026-01-22 11:19:57,171 | INFO | OK plant=1 ts=2026-01-22T14:19:57.170416+00:00 tags=4 sample=[('d0', 2.5293750762939453), ('d1', 0.17767499387264252), ('d2', 0.22554375231266022), ('d3', 2.213175058364868)] cycle=74.4ms
2026-01-22 11:19:58,173 | INFO | OK plant=1 ts=2026-01-22T14:19:58.172867+00:00 tags=4 sample=[('d0', 2.497499942779541), ('d1', 0.18328124284744263), ('d2', 0.2363249957561493), ('d3', 2.2166249752044678)] cycle=76.1ms
2026-01-22 11:19:59,176 | INFO | OK plant=1 ts=2026-01-22T14:19:59.175283+00:00 tags=4 sample=[('d0', 2.5057499408721924), ('d1', 0.18069374561309814), ('d2', 0.2328750044107437), ('d3', 2.2153313159942627)] cycle=77.4ms
2026-01-22 11:20:00,176 | INFO | OK plant=1 ts=2026-01-22T14:20:00.176184+00:00 tags=4 sample=[('d0', 2.5008749961853027), ('d1', 0.180262491106987), ('d2', 0.23244374990463257), ('d3', 2.2114498615264893)] cycle=77.1ms
2026-01-22 11:20:01,175 | INFO | OK plant=1 ts=2026-01-22T14:20:01.174185+00:00 tags=4 sample=[('d0', 2.5012500286102295), ('d1', 0.18629999458789825), ('d2', 0.23244374990463257), ('d3', 2.2166249752044678)] cycle=74.2ms
2026-01-22 11:20:02,177 | INFO | OK plant=1 ts=2026-01-22T14:20:02.176264+00:00 tags=4 sample=[('d0', 2.47837495803833), ('d1', 0.18069374561309814), ('d2', 0.22985625267028809), ('d3', 2.209293842315674)] cycle=75.5ms
2026-01-22 11:20:03,179 | INFO | OK plant=1 ts=2026-01-22T14:20:03.179195+00:00 tags=4 sample=[('d0', 2.516624927520752), ('d1', 0.17594999074935913), ('d2', 0.22985625267028809), ('d3', 2.210587501525879)] cycle=77.4ms
2026-01-22 11:20:04,184 | INFO | OK plant=1 ts=2026-01-22T14:20:04.184372+00:00 tags=4 sample=[('d0', 2.5042500495910645), ('d1', 0.1785375028848648), ('d2', 0.2337374985218048), ('d3', 2.207568645477295)] cycle=81.7ms
2026-01-22 11:20:05,178 | INFO | OK plant=1 ts=2026-01-22T14:20:05.177746+00:00 tags=4 sample=[('d0', 2.5038750171661377), ('d1', 0.18198749423027039), ('d2', 0.2337374985218048), ('d3', 2.207568645477295)] cycle=74.5ms
2026-01-22 11:20:06,179 | INFO | OK plant=1 ts=2026-01-22T14:20:06.178778+00:00 tags=4 sample=[('d0', 2.5038750171661377), ('d1', 0.18716250360012054), ('d2', 0.23848125338554382), ('d3', 2.211881160736084)] cycle=74.4ms
2026-01-22 11:20:07,183 | INFO | OK plant=1 ts=2026-01-22T14:20:07.182531+00:00 tags=4 sample=[('d0', 2.506124973297119), ('d1', 0.185006245970726), ('d2', 0.2371874898672104), ('d3', 2.224818706512451)] cycle=72.9ms
2026-01-22 11:20:08,185 | INFO | OK plant=1 ts=2026-01-22T14:20:08.184880+00:00 tags=4 sample=[('d0', 2.510625123977661), ('d1', 0.17508749663829803), ('d2', 0.22683750092983246), ('d3', 2.2067062854766846)] cycle=73.8ms
2026-01-22 11:20:09,189 | INFO | OK plant=1 ts=2026-01-22T14:20:09.188467+00:00 tags=4 sample=[('d0', 2.5233750343322754), ('d1', 0.1811250001192093), ('d2', 0.23244374990463257), ('d3', 2.2218000888824463)] cycle=76.3ms
2026-01-22 11:20:10,187 | INFO | OK plant=1 ts=2026-01-22T14:20:10.186716+00:00 tags=4 sample=[('d0', 2.5147500038146973), ('d1', 0.1729312539100647), ('d2', 0.22338749468326569), ('d3', 2.20455002784729)] cycle=73.2ms
2026-01-22 11:20:11,189 | INFO | OK plant=1 ts=2026-01-22T14:20:11.188581+00:00 tags=4 sample=[('d0', 2.4877500534057617), ('d1', 0.17638124525547028), ('d2', 0.2281312495470047), ('d3', 2.2006688117980957)] cycle=74.0ms
2026-01-22 11:20:12,194 | INFO | OK plant=1 ts=2026-01-22T14:20:12.193506+00:00 tags=4 sample=[('d0', 2.4922499656677246), ('d1', 0.18241874873638153), ('d2', 0.23804999887943268), ('d3', 2.2312874794006348)] cycle=75.2ms
2026-01-22 11:20:13,196 | INFO | OK plant=1 ts=2026-01-22T14:20:13.195607+00:00 tags=4 sample=[('d0', 2.519624948501587), ('d1', 0.1867312490940094), ('d2', 0.23675625026226044), ('d3', 2.2230937480926514)] cycle=76.5ms
2026-01-22 11:20:14,193 | INFO | OK plant=1 ts=2026-01-22T14:20:14.192793+00:00 tags=4 sample=[('d0', 2.4926249980926514), ('d1', 0.17810624837875366), ('d2', 0.23071874678134918), ('d3', 2.2157623767852783)] cycle=72.9ms
2026-01-22 11:20:15,196 | INFO | OK plant=1 ts=2026-01-22T14:20:15.195915+00:00 tags=4 sample=[('d0', 2.5102500915527344), ('d1', 0.17983125150203705), ('d2', 0.22985625267028809), ('d3', 2.211881160736084)] cycle=74.9ms
2026-01-22 11:20:16,198 | INFO | OK plant=1 ts=2026-01-22T14:20:16.198060+00:00 tags=4 sample=[('d0', 2.502000093460083), ('d1', 0.1785375028848648), ('d2', 0.22554375231266022), ('d3', 2.200237512588501)] cycle=75.8ms
2026-01-22 11:20:17,229 | INFO | OK plant=1 ts=2026-01-22T14:20:17.229023+00:00 tags=4 sample=[('d0', 2.4937500953674316), ('d1', 0.17163750529289246), ('d2', 0.22338749468326569), ('d3', 2.2123124599456787)] cycle=105.7ms
2026-01-22 11:20:18,245 | INFO | OK plant=1 ts=2026-01-22T14:20:18.244617+00:00 tags=4 sample=[('d0', 2.5350000858306885), ('d1', 0.1875937432050705), ('d2', 0.24063749611377716), ('d3', 2.2170562744140625)] cycle=77.0ms
2026-01-22 11:20:19,246 | INFO | OK plant=1 ts=2026-01-22T14:20:19.245829+00:00 tags=4 sample=[('d0', 2.488874912261963), ('d1', 0.18198749423027039), ('d2', 0.23675625026226044), ('d3', 2.213175058364868)] cycle=77.1ms
2026-01-22 11:20:20,245 | INFO | OK plant=1 ts=2026-01-22T14:20:20.244599+00:00 tags=4 sample=[('d0', 2.504625082015991), ('d1', 0.17422500252723694), ('d2', 0.22856250405311584), ('d3', 2.2067062854766846)] cycle=75.1ms
2026-01-22 11:20:21,249 | INFO | OK plant=1 ts=2026-01-22T14:20:21.249220+00:00 tags=4 sample=[('d0', 2.502000093460083), ('d1', 0.1737937480211258), ('d2', 0.22511249780654907), ('d3', 2.2144687175750732)] cycle=78.4ms
2026-01-22 11:20:22,250 | INFO | OK plant=1 ts=2026-01-22T14:20:22.250028+00:00 tags=4 sample=[('d0', 2.4839999675750732), ('d1', 0.1793999969959259), ('d2', 0.23201249539852142), ('d3', 2.219212532043457)] cycle=78.0ms
2026-01-22 11:20:23,252 | INFO | OK plant=1 ts=2026-01-22T14:20:23.251586+00:00 tags=4 sample=[('d0', 2.4911251068115234), ('d1', 0.18629999458789825), ('d2', 0.23503124713897705), ('d3', 2.2144687175750732)] cycle=75.1ms
2026-01-22 11:20:24,252 | INFO | OK plant=1 ts=2026-01-22T14:20:24.252226+00:00 tags=4 sample=[('d0', 2.499000072479248), ('d1', 0.1785375028848648), ('d2', 0.23071874678134918), ('d3', 2.2054123878479004)] cycle=75.4ms
2026-01-22 11:20:25,255 | INFO | OK plant=1 ts=2026-01-22T14:20:25.254781+00:00 tags=4 sample=[('d0', 2.534250020980835), ('d1', 0.17077499628067017), ('d2', 0.21907499432563782), ('d3', 2.1933374404907227)] cycle=75.9ms
2026-01-22 11:20:26,253 | INFO | OK plant=1 ts=2026-01-22T14:20:26.252753+00:00 tags=4 sample=[('d0', 2.4978749752044678), ('d1', 0.17681249976158142), ('d2', 0.23028749227523804), ('d3', 2.2079999446868896)] cycle=72.9ms
2026-01-22 11:20:27,255 | INFO | OK plant=1 ts=2026-01-22T14:20:27.254174+00:00 tags=4 sample=[('d0', 2.4847500324249268), ('d1', 0.1811250001192093), ('d2', 0.23589374125003815), ('d3', 2.2153313159942627)] cycle=74.3ms
2026-01-22 11:20:28,259 | INFO | OK plant=1 ts=2026-01-22T14:20:28.259282+00:00 tags=4 sample=[('d0', 2.5027499198913574), ('d1', 0.18241874873638153), ('d2', 0.2345999926328659), ('d3', 2.2153313159942627)] cycle=78.1ms
2026-01-22 11:20:29,262 | INFO | OK plant=1 ts=2026-01-22T14:20:29.259474+00:00 tags=4 sample=[('d0', 2.5346250534057617), ('d1', 0.1785375028848648), ('d2', 0.22381874918937683), ('d3', 2.209293842315674)] cycle=79.7ms
2026-01-22 11:20:30,260 | INFO | OK plant=1 ts=2026-01-22T14:20:30.259862+00:00 tags=4 sample=[('d0', 2.478749990463257), ('d1', 0.1746562421321869), ('d2', 0.2272687405347824), ('d3', 2.2054123878479004)] cycle=76.1ms
2026-01-22 11:20:31,263 | INFO | OK plant=1 ts=2026-01-22T14:20:31.262218+00:00 tags=4 sample=[('d0', 2.496000051498413), ('d1', 0.18155625462532043), ('d2', 0.23158124089241028), ('d3', 2.210156202316284)] cycle=77.9ms
2026-01-22 11:20:32,260 | INFO | OK plant=1 ts=2026-01-22T14:20:32.259905+00:00 tags=4 sample=[('d0', 2.4911251068115234), ('d1', 0.1793999969959259), ('d2', 0.23244374990463257), ('d3', 2.210156202316284)] cycle=74.4ms
2026-01-22 11:20:33,263 | INFO | OK plant=1 ts=2026-01-22T14:20:33.262927+00:00 tags=4 sample=[('d0', 2.499000072479248), ('d1', 0.17551875114440918), ('d2', 0.2272687405347824), ('d3', 2.2166249752044678)] cycle=74.0ms
2026-01-22 11:20:34,268 | INFO | OK plant=1 ts=2026-01-22T14:20:34.267364+00:00 tags=4 sample=[('d0', 2.493000030517578), ('d1', 0.17508749663829803), ('d2', 0.22597499191761017), ('d3', 2.2084312438964844)] cycle=77.0ms
2026-01-22 11:20:35,267 | INFO | OK plant=1 ts=2026-01-22T14:20:35.266262+00:00 tags=4 sample=[('d0', 2.507625102996826), ('d1', 0.1785375028848648), ('d2', 0.22856250405311584), ('d3', 2.216193675994873)] cycle=74.5ms
2026-01-22 11:20:36,268 | INFO | OK plant=1 ts=2026-01-22T14:20:36.267376+00:00 tags=4 sample=[('d0', 2.506124973297119), ('d1', 0.1793999969959259), ('d2', 0.23028749227523804), ('d3', 2.208862543106079)] cycle=74.1ms
2026-01-22 11:20:37,272 | INFO | OK plant=1 ts=2026-01-22T14:20:37.271462+00:00 tags=4 sample=[('d0', 2.535749912261963), ('d1', 0.18285000324249268), ('d2', 0.22985625267028809), ('d3', 2.2243874073028564)] cycle=76.9ms
2026-01-22 11:20:38,273 | INFO | OK plant=1 ts=2026-01-22T14:20:38.273060+00:00 tags=4 sample=[('d0', 2.3756251335144043), ('d1', 0.13368749618530273), ('d2', 0.18069374561309814), ('d3', 2.1174373626708984)] cycle=77.3ms
2026-01-22 11:20:39,307 | INFO | OK plant=1 ts=2026-01-22T14:20:39.306828+00:00 tags=4 sample=[('d0', 2.3711249828338623), ('d1', 0.0901312455534935), ('d2', 0.1388625055551529), ('d3', 2.022993803024292)] cycle=75.2ms
2026-01-22 11:20:40,311 | INFO | OK plant=1 ts=2026-01-22T14:20:40.310642+00:00 tags=4 sample=[('d0', 2.4014999866485596), ('d1', 0.15481874346733093), ('d2', 0.20354999601840973), ('d3', 2.1010499000549316)] cycle=78.3ms
2026-01-22 11:20:41,308 | INFO | OK plant=1 ts=2026-01-22T14:20:41.307760+00:00 tags=4 sample=[('d0', 2.4307501316070557), ('d1', 0.2087249904870987), ('d2', 0.260043740272522), ('d3', 2.161856174468994)] cycle=73.8ms
2026-01-22 11:20:42,312 | INFO | OK plant=1 ts=2026-01-22T14:20:42.311424+00:00 tags=4 sample=[('d0', 2.5132501125335693), ('d1', 0.19578750431537628), ('d2', 0.24020624160766602), ('d3', 2.1687562465667725)] cycle=76.4ms
2026-01-22 11:20:43,312 | INFO | OK plant=1 ts=2026-01-22T14:20:43.311799+00:00 tags=4 sample=[('d0', 2.465625047683716), ('d1', 0.16516874730587006), ('d2', 0.21562500298023224), ('d3', 2.167893648147583)] cycle=75.4ms
2026-01-22 11:20:44,315 | INFO | OK plant=1 ts=2026-01-22T14:20:44.314763+00:00 tags=4 sample=[('d0', 2.4630000591278076), ('d1', 0.16948124766349792), ('d2', 0.21821250021457672), ('d3', 2.191181182861328)] cycle=78.0ms
2026-01-22 11:20:45,348 | INFO | OK plant=1 ts=2026-01-22T14:20:45.347533+00:00 tags=4 sample=[('d0', 2.4877500534057617), ('d1', 0.17249999940395355), ('d2', 0.22381874918937683), ('d3', 2.186868667602539)] cycle=73.5ms
2026-01-22 11:20:46,349 | INFO | OK plant=1 ts=2026-01-22T14:20:46.349202+00:00 tags=4 sample=[('d0', 2.4971249103546143), ('d1', 0.17336249351501465), ('d2', 0.22511249780654907), ('d3', 2.2010998725891113)] cycle=73.4ms
2026-01-22 11:20:47,351 | INFO | OK plant=1 ts=2026-01-22T14:20:47.350576+00:00 tags=4 sample=[('d0', 2.5102500915527344), ('d1', 0.17681249976158142), ('d2', 0.22511249780654907), ('d3', 2.2036874294281006)] cycle=74.3ms
2026-01-22 11:20:48,352 | INFO | OK plant=1 ts=2026-01-22T14:20:48.351612+00:00 tags=4 sample=[('d0', 2.4885001182556152), ('d1', 0.17163750529289246), ('d2', 0.22468124330043793), ('d3', 2.2028250694274902)] cycle=74.2ms
2026-01-22 11:20:49,355 | INFO | OK plant=1 ts=2026-01-22T14:20:49.354834+00:00 tags=4 sample=[('d0', 2.5139999389648438), ('d1', 0.18241874873638153), ('d2', 0.23330624401569366), ('d3', 2.2067062854766846)] cycle=76.3ms
2026-01-22 11:20:50,358 | INFO | OK plant=1 ts=2026-01-22T14:20:50.357195+00:00 tags=4 sample=[('d0', 2.5008749961853027), ('d1', 0.17163750529289246), ('d2', 0.22295624017715454), ('d3', 2.197218656539917)] cycle=76.4ms
2026-01-22 11:20:51,364 | INFO | OK plant=1 ts=2026-01-22T14:20:51.363682+00:00 tags=4 sample=[('d0', 2.5027499198913574), ('d1', 0.17077499628067017), ('d2', 0.21778124570846558), ('d3', 2.1967873573303223)] cycle=81.2ms
2026-01-22 11:20:52,361 | INFO | OK plant=1 ts=2026-01-22T14:20:52.360653+00:00 tags=4 sample=[('d0', 2.521125078201294), ('d1', 0.16904999315738678), ('d2', 0.22036874294281006), ('d3', 2.1907498836517334)] cycle=77.7ms
2026-01-22 11:20:53,358 | INFO | OK plant=1 ts=2026-01-22T14:20:53.357388+00:00 tags=4 sample=[('d0', 2.504625082015991), ('d1', 0.1746562421321869), ('d2', 0.22425000369548798), ('d3', 2.211881160736084)] cycle=73.9ms
2026-01-22 11:20:54,359 | INFO | OK plant=1 ts=2026-01-22T14:20:54.359157+00:00 tags=4 sample=[('d0', 2.5023751258850098), ('d1', 0.1720687448978424), ('d2', 0.2216624915599823), ('d3', 2.1907498836517334)] cycle=75.1ms
2026-01-22 11:20:55,362 | INFO | OK plant=1 ts=2026-01-22T14:20:55.361890+00:00 tags=4 sample=[('d0', 2.497499942779541), ('d1', 0.17983125150203705), ('d2', 0.23071874678134918), ('d3', 2.2218000888824463)] cycle=77.0ms
2026-01-22 11:20:56,364 | INFO | OK plant=1 ts=2026-01-22T14:20:56.363792+00:00 tags=4 sample=[('d0', 2.49037504196167), ('d1', 0.17336249351501465), ('d2', 0.22338749468326569), ('d3', 2.208862543106079)] cycle=77.7ms
2026-01-22 11:20:57,362 | INFO | OK plant=1 ts=2026-01-22T14:20:57.361345+00:00 tags=4 sample=[('d0', 2.5139999389648438), ('d1', 0.17422500252723694), ('d2', 0.22425000369548798), ('d3', 2.2187812328338623)] cycle=74.7ms
2026-01-22 11:20:58,364 | INFO | OK plant=1 ts=2026-01-22T14:20:58.363367+00:00 tags=4 sample=[('d0', 2.500499963760376), ('d1', 0.16991250216960907), ('d2', 0.2225250005722046), ('d3', 2.2084312438964844)] cycle=75.4ms
2026-01-22 11:20:59,365 | INFO | OK plant=1 ts=2026-01-22T14:20:59.364509+00:00 tags=4 sample=[('d0', 2.486999988555908), ('d1', 0.16904999315738678), ('d2', 0.22381874918937683), ('d3', 2.201531171798706)] cycle=76.0ms
2026-01-22 11:21:00,368 | INFO | OK plant=1 ts=2026-01-22T14:21:00.367538+00:00 tags=4 sample=[('d0', 2.528625011444092), ('d1', 0.1793999969959259), ('d2', 0.23244374990463257), ('d3', 2.2110188007354736)] cycle=78.1ms
2026-01-22 11:21:01,370 | INFO | OK plant=1 ts=2026-01-22T14:21:01.369490+00:00 tags=4 sample=[('d0', 2.4907500743865967), ('d1', 0.16818749904632568), ('d2', 0.21778124570846558), ('d3', 2.2010998725891113)] cycle=77.7ms
2026-01-22 11:21:02,366 | INFO | OK plant=1 ts=2026-01-22T14:21:02.365581+00:00 tags=4 sample=[('d0', 2.5331249237060547), ('d1', 0.17163750529289246), ('d2', 0.22209374606609344), ('d3', 2.195493698120117)] cycle=72.4ms
2026-01-22 11:21:03,369 | INFO | OK plant=1 ts=2026-01-22T14:21:03.368710+00:00 tags=4 sample=[('d0', 2.4926249980926514), ('d1', 0.17681249976158142), ('d2', 0.22381874918937683), ('d3', 2.2067062854766846)] cycle=74.9ms
2026-01-22 11:21:04,371 | INFO | OK plant=1 ts=2026-01-22T14:21:04.370343+00:00 tags=4 sample=[('d0', 2.5132501125335693), ('d1', 0.18414375185966492), ('d2', 0.23416875302791595), ('d3', 2.2183499336242676)] cycle=76.0ms
2026-01-22 11:21:05,374 | INFO | OK plant=1 ts=2026-01-22T14:21:05.373466+00:00 tags=4 sample=[('d0', 2.516624927520752), ('d1', 0.17249999940395355), ('d2', 0.2272687405347824), ('d3', 2.1924750804901123)] cycle=78.2ms
2026-01-22 11:21:06,376 | INFO | OK plant=1 ts=2026-01-22T14:21:06.375565+00:00 tags=4 sample=[('d0', 2.5199999809265137), ('d1', 0.16775624454021454), ('d2', 0.2207999974489212), ('d3', 2.207568645477295)] cycle=77.3ms
2026-01-22 11:21:07,395 | INFO | OK plant=1 ts=2026-01-22T14:21:07.394151+00:00 tags=4 sample=[('d0', 2.5158751010894775), ('d1', 0.1737937480211258), ('d2', 0.2264062464237213), ('d3', 2.192906141281128)] cycle=95.1ms
2026-01-22 11:21:08,459 | INFO | OK plant=1 ts=2026-01-22T14:21:08.458472+00:00 tags=4 sample=[('d0', 2.503499984741211), ('d1', 0.16818749904632568), ('d2', 0.22209374606609344), ('d3', 2.2079999446868896)] cycle=73.9ms
2026-01-22 11:21:09,462 | INFO | OK plant=1 ts=2026-01-22T14:21:09.461856+00:00 tags=4 sample=[('d0', 2.4967501163482666), ('d1', 0.17810624837875366), ('d2', 0.2289937436580658), ('d3', 2.205843687057495)] cycle=76.1ms
2026-01-22 11:21:10,464 | INFO | OK plant=1 ts=2026-01-22T14:21:10.463943+00:00 tags=4 sample=[('d0', 2.494874954223633), ('d1', 0.1793999969959259), ('d2', 0.23158124089241028), ('d3', 2.2097249031066895)] cycle=76.3ms
2026-01-22 11:21:11,463 | INFO | OK plant=1 ts=2026-01-22T14:21:11.462329+00:00 tags=4 sample=[('d0', 2.5230000019073486), ('d1', 0.17724375426769257), ('d2', 0.2328750044107437), ('d3', 2.226543664932251)] cycle=73.5ms
2026-01-22 11:21:12,464 | INFO | OK plant=1 ts=2026-01-22T14:21:12.464091+00:00 tags=4 sample=[('d0', 2.5008749961853027), ('d1', 0.16775624454021454), ('d2', 0.21778124570846558), ('d3', 2.1890249252319336)] cycle=74.4ms
2026-01-22 11:21:13,468 | INFO | OK plant=1 ts=2026-01-22T14:21:13.467327+00:00 tags=4 sample=[('d0', 2.5128750801086426), ('d1', 0.16991250216960907), ('d2', 0.22209374606609344), ('d3', 2.2127437591552734)] cycle=76.9ms
2026-01-22 11:21:14,470 | INFO | OK plant=1 ts=2026-01-22T14:21:14.468927+00:00 tags=4 sample=[('d0', 2.4821250438690186), ('d1', 0.1793999969959259), ('d2', 0.23244374990463257), ('d3', 2.213175058364868)] cycle=75.1ms
2026-01-22 11:21:15,476 | INFO | OK plant=1 ts=2026-01-22T14:21:15.475215+00:00 tags=4 sample=[('d0', 2.536875009536743), ('d1', 0.17896874248981476), ('d2', 0.23115000128746033), ('d3', 2.2196438312530518)] cycle=79.8ms
2026-01-22 11:21:16,475 | INFO | OK plant=1 ts=2026-01-22T14:21:16.475140+00:00 tags=4 sample=[('d0', 2.5143749713897705), ('d1', 0.17336249351501465), ('d2', 0.2289937436580658), ('d3', 2.2144687175750732)] cycle=77.8ms
2026-01-22 11:21:17,471 | INFO | OK plant=1 ts=2026-01-22T14:21:17.470423+00:00 tags=4 sample=[('d0', 2.499375104904175), ('d1', 0.16430625319480896), ('d2', 0.21648749709129333), ('d3', 2.2049813270568848)] cycle=72.2ms
2026-01-22 11:21:18,480 | INFO | OK plant=1 ts=2026-01-22T14:21:18.479629+00:00 tags=4 sample=[('d0', 2.5027499198913574), ('d1', 0.1664624959230423), ('d2', 0.2216624915599823), ('d3', 2.2006688117980957)] cycle=74.9ms
2026-01-22 11:21:19,482 | INFO | OK plant=1 ts=2026-01-22T14:21:19.481445+00:00 tags=4 sample=[('d0', 2.4967501163482666), ('d1', 0.17594999074935913), ('d2', 0.22769999504089355), ('d3', 2.213606119155884)] cycle=74.8ms
2026-01-22 11:21:20,485 | INFO | OK plant=1 ts=2026-01-22T14:21:20.484204+00:00 tags=4 sample=[('d0', 2.5038750171661377), ('d1', 0.17767499387264252), ('d2', 0.2281312495470047), ('d3', 2.2097249031066895)] cycle=77.3ms
2026-01-22 11:21:21,481 | INFO | OK plant=1 ts=2026-01-22T14:21:21.481117+00:00 tags=4 sample=[('d0', 2.49637508392334), ('d1', 0.1737937480211258), ('d2', 0.22425000369548798), ('d3', 2.213175058364868)] cycle=72.9ms
2026-01-22 11:21:22,485 | INFO | OK plant=1 ts=2026-01-22T14:21:22.485141+00:00 tags=4 sample=[('d0', 2.481374979019165), ('d1', 0.1737937480211258), ('d2', 0.22511249780654907), ('d3', 2.2071375846862793)] cycle=75.7ms
2026-01-22 11:21:23,488 | INFO | OK plant=1 ts=2026-01-22T14:21:23.487749+00:00 tags=4 sample=[('d0', 2.516624927520752), ('d1', 0.17077499628067017), ('d2', 0.22123125195503235), ('d3', 2.198943614959717)] cycle=77.5ms
2026-01-22 11:21:24,487 | INFO | OK plant=1 ts=2026-01-22T14:21:24.486843+00:00 tags=4 sample=[('d0', 2.487375020980835), ('d1', 0.1673250049352646), ('d2', 0.22123125195503235), ('d3', 2.195493698120117)] cycle=75.4ms
2026-01-22 11:21:25,488 | INFO | OK plant=1 ts=2026-01-22T14:21:25.488227+00:00 tags=4 sample=[('d0', 2.491874933242798), ('d1', 0.1746562421321869), ('d2', 0.2264062464237213), ('d3', 2.208862543106079)] cycle=75.4ms
2026-01-22 11:21:26,491 | INFO | OK plant=1 ts=2026-01-22T14:21:26.490840+00:00 tags=4 sample=[('d0', 2.5072500705718994), ('d1', 0.17681249976158142), ('d2', 0.2281312495470047), ('d3', 2.2187812328338623)] cycle=77.2ms
2026-01-22 11:21:27,488 | INFO | OK plant=1 ts=2026-01-22T14:21:27.488381+00:00 tags=4 sample=[('d0', 2.507625102996826), ('d1', 0.17724375426769257), ('d2', 0.22769999504089355), ('d3', 2.2097249031066895)] cycle=71.9ms
2026-01-22 11:21:28,490 | INFO | OK plant=1 ts=2026-01-22T14:21:28.489818+00:00 tags=4 sample=[('d0', 2.5072500705718994), ('d1', 0.1746562421321869), ('d2', 0.22769999504089355), ('d3', 2.2317187786102295)] cycle=73.0ms
2026-01-22 11:21:29,498 | INFO | OK plant=1 ts=2026-01-22T14:21:29.497921+00:00 tags=4 sample=[('d0', 2.512125015258789), ('d1', 0.1673250049352646), ('d2', 0.22381874918937683), ('d3', 2.210156202316284)] cycle=78.8ms
2026-01-22 11:21:30,495 | INFO | OK plant=1 ts=2026-01-22T14:21:30.494443+00:00 tags=4 sample=[('d0', 2.491874933242798), ('d1', 0.16991250216960907), ('d2', 0.22468124330043793), ('d3', 2.2023937702178955)] cycle=74.0ms
2026-01-22 11:21:31,495 | INFO | OK plant=1 ts=2026-01-22T14:21:31.495488+00:00 tags=4 sample=[('d0', 2.5158751010894775), ('d1', 0.16775624454021454), ('d2', 0.21864375472068787), ('d3', 2.2054123878479004)] cycle=73.6ms
2026-01-22 11:21:32,498 | INFO | OK plant=1 ts=2026-01-22T14:21:32.497400+00:00 tags=4 sample=[('d0', 2.494499921798706), ('d1', 0.17077499628067017), ('d2', 0.22468124330043793), ('d3', 2.1924750804901123)] cycle=74.3ms
2026-01-22 11:21:33,499 | INFO | OK plant=1 ts=2026-01-22T14:21:33.498630+00:00 tags=4 sample=[('d0', 2.5057499408721924), ('d1', 0.17724375426769257), ('d2', 0.22856250405311584), ('d3', 2.217918634414673)] cycle=74.9ms
2026-01-22 11:21:34,499 | INFO | OK plant=1 ts=2026-01-22T14:21:34.498205+00:00 tags=4 sample=[('d0', 2.510999917984009), ('d1', 0.17077499628067017), ('d2', 0.22425000369548798), ('d3', 2.2153313159942627)] cycle=73.6ms
2026-01-22 11:21:35,529 | INFO | OK plant=1 ts=2026-01-22T14:21:35.529213+00:00 tags=4 sample=[('d0', 2.480250120162964), ('d1', 0.16214999556541443), ('d2', 0.21174374222755432), ('d3', 2.1829874515533447)] cycle=77.7ms
2026-01-22 11:21:36,530 | INFO | OK plant=1 ts=2026-01-22T14:21:36.529885+00:00 tags=4 sample=[('d0', 2.5215001106262207), ('d1', 0.1664624959230423), ('d2', 0.22209374606609344), ('d3', 2.2054123878479004)] cycle=77.4ms
2026-01-22 11:21:37,533 | INFO | OK plant=1 ts=2026-01-22T14:21:37.532485+00:00 tags=4 sample=[('d0', 2.519624948501587), ('d1', 0.16904999315738678), ('d2', 0.22511249780654907), ('d3', 2.2123124599456787)] cycle=78.2ms
2026-01-22 11:21:38,533 | INFO | OK plant=1 ts=2026-01-22T14:21:38.532933+00:00 tags=4 sample=[('d0', 2.525624990463257), ('d1', 0.1712062507867813), ('d2', 0.22295624017715454), ('d3', 2.20455002784729)] cycle=77.6ms
2026-01-22 11:21:39,533 | INFO | OK plant=1 ts=2026-01-22T14:21:39.532949+00:00 tags=4 sample=[('d0', 2.513624906539917), ('d1', 0.17336249351501465), ('d2', 0.2289937436580658), ('d3', 2.2170562744140625)] cycle=75.8ms
2026-01-22 11:21:40,534 | INFO | OK plant=1 ts=2026-01-22T14:21:40.534027+00:00 tags=4 sample=[('d0', 2.4851250648498535), ('d1', 0.17163750529289246), ('d2', 0.2264062464237213), ('d3', 2.2097249031066895)] cycle=74.5ms
2026-01-22 11:21:41,536 | INFO | OK plant=1 ts=2026-01-22T14:21:41.536206+00:00 tags=4 sample=[('d0', 2.485875129699707), ('d1', 0.16689375042915344), ('d2', 0.21821250021457672), ('d3', 2.189887523651123)] cycle=76.0ms
2026-01-22 11:21:42,538 | INFO | OK plant=1 ts=2026-01-22T14:21:42.537447+00:00 tags=4 sample=[('d0', 2.509124994277954), ('d1', 0.16991250216960907), ('d2', 0.2207999974489212), ('d3', 2.1998062133789062)] cycle=76.0ms
2026-01-22 11:21:43,540 | INFO | OK plant=1 ts=2026-01-22T14:21:43.539651+00:00 tags=4 sample=[('d0', 2.4881250858306885), ('d1', 0.16603124141693115), ('d2', 0.2199375033378601), ('d3', 2.191181182861328)] cycle=77.6ms
2026-01-22 11:21:44,536 | INFO | OK plant=1 ts=2026-01-22T14:21:44.535375+00:00 tags=4 sample=[('d0', 2.496000051498413), ('d1', 0.17508749663829803), ('d2', 0.23071874678134918), ('d3', 2.2054123878479004)] cycle=72.7ms
2026-01-22 11:21:45,538 | INFO | OK plant=1 ts=2026-01-22T14:21:45.537573+00:00 tags=4 sample=[('d0', 2.4986250400543213), ('d1', 0.17163750529289246), ('d2', 0.22338749468326569), ('d3', 2.2079999446868896)] cycle=74.2ms
2026-01-22 11:21:46,547 | INFO | OK plant=1 ts=2026-01-22T14:21:46.546974+00:00 tags=4 sample=[('d0', 2.490000009536743), ('d1', 0.17249999940395355), ('d2', 0.22468124330043793), ('d3', 2.210587501525879)] cycle=75.8ms
2026-01-22 11:21:47,549 | INFO | OK plant=1 ts=2026-01-22T14:21:47.549075+00:00 tags=4 sample=[('d0', 2.5042500495910645), ('d1', 0.16603124141693115), ('d2', 0.21950624883174896), ('d3', 2.214900016784668)] cycle=76.3ms
2026-01-22 11:21:48,546 | INFO | OK plant=1 ts=2026-01-22T14:21:48.546226+00:00 tags=4 sample=[('d0', 2.5169999599456787), ('d1', 0.16516874730587006), ('d2', 0.21734999120235443), ('d3', 2.2079999446868896)] cycle=72.6ms
2026-01-22 11:21:49,549 | INFO | OK plant=1 ts=2026-01-22T14:21:49.548380+00:00 tags=4 sample=[('d0', 2.5008749961853027), ('d1', 0.1785375028848648), ('d2', 0.2289937436580658), ('d3', 2.208862543106079)] cycle=73.4ms
2026-01-22 11:21:50,558 | INFO | OK plant=1 ts=2026-01-22T14:21:50.557883+00:00 tags=4 sample=[('d0', 2.5068750381469727), ('d1', 0.16904999315738678), ('d2', 0.2216624915599823), ('d3', 2.1976499557495117)] cycle=77.5ms
2026-01-22 11:21:51,558 | INFO | OK plant=1 ts=2026-01-22T14:21:51.557549+00:00 tags=4 sample=[('d0', 2.5147500038146973), ('d1', 0.17077499628067017), ('d2', 0.22209374606609344), ('d3', 2.210587501525879)] cycle=75.1ms
2026-01-22 11:21:52,556 | INFO | OK plant=1 ts=2026-01-22T14:21:52.555821+00:00 tags=4 sample=[('d0', 2.5218749046325684), ('d1', 0.16689375042915344), ('d2', 0.22295624017715454), ('d3', 2.1937687397003174)] cycle=72.8ms
2026-01-22 11:21:53,557 | INFO | OK plant=1 ts=2026-01-22T14:21:53.556984+00:00 tags=4 sample=[('d0', 2.499000072479248), ('d1', 0.17077499628067017), ('d2', 0.22381874918937683), ('d3', 2.2049813270568848)] cycle=73.4ms
2026-01-22 11:21:54,560 | INFO | OK plant=1 ts=2026-01-22T14:21:54.559119+00:00 tags=4 sample=[('d0', 2.5057499408721924), ('d1', 0.17077499628067017), ('d2', 0.22209374606609344), ('d3', 2.2036874294281006)] cycle=74.6ms
2026-01-22 11:21:55,562 | INFO | OK plant=1 ts=2026-01-22T14:21:55.561302+00:00 tags=4 sample=[('d0', 2.500499963760376), ('d1', 0.1673250049352646), ('d2', 0.21734999120235443), ('d3', 2.1998062133789062)] cycle=75.9ms
2026-01-22 11:21:56,564 | INFO | OK plant=1 ts=2026-01-22T14:21:56.563667+00:00 tags=4 sample=[('d0', 2.505000114440918), ('d1', 0.17638124525547028), ('d2', 0.22856250405311584), ('d3', 2.219212532043457)] cycle=76.8ms
2026-01-22 11:21:57,561 | INFO | OK plant=1 ts=2026-01-22T14:21:57.561201+00:00 tags=4 sample=[('d0', 2.508000135421753), ('d1', 0.17249999940395355), ('d2', 0.22338749468326569), ('d3', 2.2071375846862793)] cycle=72.8ms
2026-01-22 11:21:58,568 | INFO | OK plant=1 ts=2026-01-22T14:21:58.567889+00:00 tags=4 sample=[('d0', 2.5128750801086426), ('d1', 0.1608562469482422), ('d2', 0.21476249396800995), ('d3', 2.1851437091827393)] cycle=78.3ms
2026-01-22 11:21:59,566 | INFO | OK plant=1 ts=2026-01-22T14:21:59.566012+00:00 tags=4 sample=[('d0', 2.4862499237060547), ('d1', 0.16991250216960907), ('d2', 0.2225250005722046), ('d3', 2.207568645477295)] cycle=74.9ms
2026-01-22 11:22:00,569 | INFO | OK plant=1 ts=2026-01-22T14:22:00.568984+00:00 tags=4 sample=[('d0', 2.503124952316284), ('d1', 0.17077499628067017), ('d2', 0.22036874294281006), ('d3', 2.20455002784729)] cycle=75.4ms
2026-01-22 11:22:01,572 | INFO | OK plant=1 ts=2026-01-22T14:22:01.572188+00:00 tags=4 sample=[('d0', 2.4836249351501465), ('d1', 0.16775624454021454), ('d2', 0.22338749468326569), ('d3', 2.1907498836517334)] cycle=77.3ms
2026-01-22 11:22:02,609 | INFO | OK plant=1 ts=2026-01-22T14:22:02.609247+00:00 tags=4 sample=[('d0', 2.5042500495910645), ('d1', 0.16904999315738678), ('d2', 0.22209374606609344), ('d3', 2.208862543106079)] cycle=78.2ms
2026-01-22 11:22:03,608 | INFO | OK plant=1 ts=2026-01-22T14:22:03.608037+00:00 tags=4 sample=[('d0', 2.5098750591278076), ('d1', 0.1737937480211258), ('d2', 0.22511249780654907), ('d3', 2.2144687175750732)] cycle=76.9ms
2026-01-22 11:22:04,608 | INFO | OK plant=1 ts=2026-01-22T14:22:04.607712+00:00 tags=4 sample=[('d0', 2.5139999389648438), ('d1', 0.1720687448978424), ('d2', 0.2264062464237213), ('d3', 2.2049813270568848)] cycle=74.8ms
2026-01-22 11:22:05,610 | INFO | OK plant=1 ts=2026-01-22T14:22:05.609769+00:00 tags=4 sample=[('d0', 2.507625102996826), ('d1', 0.1712062507867813), ('d2', 0.22209374606609344), ('d3', 2.210156202316284)] cycle=75.7ms
2026-01-22 11:22:06,609 | INFO | OK plant=1 ts=2026-01-22T14:22:06.608969+00:00 tags=4 sample=[('d0', 2.5143749713897705), ('d1', 0.16516874730587006), ('d2', 0.2160562425851822), ('d3', 2.203256130218506)] cycle=73.7ms
2026-01-22 11:22:07,609 | INFO | OK plant=1 ts=2026-01-22T14:22:07.609033+00:00 tags=4 sample=[('d0', 2.491874933242798), ('d1', 0.16904999315738678), ('d2', 0.22425000369548798), ('d3', 2.2110188007354736)] cycle=73.1ms
2026-01-22 11:22:08,610 | INFO | OK plant=1 ts=2026-01-22T14:22:08.609892+00:00 tags=4 sample=[('d0', 2.518125057220459), ('d1', 0.16818749904632568), ('d2', 0.21821250021457672), ('d3', 2.207568645477295)] cycle=72.7ms
2026-01-22 11:22:09,617 | INFO | OK plant=1 ts=2026-01-22T14:22:09.617022+00:00 tags=4 sample=[('d0', 2.5158751010894775), ('d1', 0.1656000018119812), ('d2', 0.2207999974489212), ('d3', 2.1963562965393066)] cycle=78.1ms
2026-01-22 11:22:10,617 | INFO | OK plant=1 ts=2026-01-22T14:22:10.617107+00:00 tags=4 sample=[('d0', 2.4896249771118164), ('d1', 0.16991250216960907), ('d2', 0.21864375472068787), ('d3', 2.1950623989105225)] cycle=76.8ms
2026-01-22 11:22:11,619 | INFO | OK plant=1 ts=2026-01-22T14:22:11.618404+00:00 tags=4 sample=[('d0', 2.5169999599456787), ('d1', 0.16214999556541443), ('d2', 0.21691875159740448), ('d3', 2.2049813270568848)] cycle=77.1ms
2026-01-22 11:22:12,619 | INFO | OK plant=1 ts=2026-01-22T14:22:12.618994+00:00 tags=4 sample=[('d0', 2.532750129699707), ('d1', 0.16042499244213104), ('d2', 0.2134687453508377), ('d3', 2.18428111076355)] cycle=76.3ms
2026-01-22 11:22:13,617 | INFO | OK plant=1 ts=2026-01-22T14:22:13.616505+00:00 tags=4 sample=[('d0', 2.505000114440918), ('d1', 0.17034374177455902), ('d2', 0.2225250005722046), ('d3', 2.1963562965393066)] cycle=73.6ms
2026-01-22 11:22:14,619 | INFO | OK plant=1 ts=2026-01-22T14:22:14.618584+00:00 tags=4 sample=[('d0', 2.512125015258789), ('d1', 0.17336249351501465), ('d2', 0.23028749227523804), ('d3', 2.2097249031066895)] cycle=74.0ms
2026-01-22 11:22:15,620 | INFO | OK plant=1 ts=2026-01-22T14:22:15.619776+00:00 tags=4 sample=[('d0', 2.5068750381469727), ('d1', 0.16516874730587006), ('d2', 0.2199375033378601), ('d3', 2.20627498626709)] cycle=74.1ms
2026-01-22 11:22:16,622 | INFO | OK plant=1 ts=2026-01-22T14:22:16.621695+00:00 tags=4 sample=[('d0', 2.499000072479248), ('d1', 0.16689375042915344), ('d2', 0.22338749468326569), ('d3', 2.208862543106079)] cycle=74.7ms
2026-01-22 11:22:17,624 | INFO | OK plant=1 ts=2026-01-22T14:22:17.623294+00:00 tags=4 sample=[('d0', 2.500499963760376), ('d1', 0.1656000018119812), ('d2', 0.21734999120235443), ('d3', 2.207568645477295)] cycle=75.3ms
2026-01-22 11:22:18,626 | INFO | OK plant=1 ts=2026-01-22T14:22:18.626008+00:00 tags=4 sample=[('d0', 2.49150013923645), ('d1', 0.15956249833106995), ('d2', 0.21734999120235443), ('d3', 2.2067062854766846)] cycle=76.6ms
2026-01-22 11:22:19,628 | INFO | OK plant=1 ts=2026-01-22T14:22:19.627461+00:00 tags=4 sample=[('d0', 2.4926249980926514), ('d1', 0.17034374177455902), ('d2', 0.22338749468326569), ('d3', 2.213175058364868)] cycle=77.4ms
2026-01-22 11:22:20,629 | INFO | OK plant=1 ts=2026-01-22T14:22:20.629223+00:00 tags=4 sample=[('d0', 2.5016250610351562), ('d1', 0.1647374927997589), ('d2', 0.21950624883174896), ('d3', 2.2006688117980957)] cycle=77.8ms
2026-01-22 11:22:21,626 | INFO | OK plant=1 ts=2026-01-22T14:22:21.626023+00:00 tags=4 sample=[('d0', 2.4896249771118164), ('d1', 0.16689375042915344), ('d2', 0.21907499432563782), ('d3', 2.198943614959717)] cycle=74.0ms
2026-01-22 11:22:22,628 | INFO | OK plant=1 ts=2026-01-22T14:22:22.627836+00:00 tags=4 sample=[('d0', 2.516624927520752), ('d1', 0.16603124141693115), ('d2', 0.22036874294281006), ('d3', 2.192906141281128)] cycle=73.9ms
2026-01-22 11:22:23,631 | INFO | OK plant=1 ts=2026-01-22T14:22:23.630830+00:00 tags=4 sample=[('d0', 2.4881250858306885), ('d1', 0.16775624454021454), ('d2', 0.22036874294281006), ('d3', 2.20455002784729)] cycle=74.3ms
2026-01-22 11:22:24,632 | INFO | OK plant=1 ts=2026-01-22T14:22:24.632265+00:00 tags=4 sample=[('d0', 2.5304999351501465), ('d1', 0.1647374927997589), ('d2', 0.21734999120235443), ('d3', 2.2041187286376953)] cycle=75.1ms
2026-01-22 11:22:25,634 | INFO | OK plant=1 ts=2026-01-22T14:22:25.633925+00:00 tags=4 sample=[('d0', 2.4937500953674316), ('d1', 0.17077499628067017), ('d2', 0.22295624017715454), ('d3', 2.2144687175750732)] cycle=76.2ms
2026-01-22 11:22:26,638 | INFO | OK plant=1 ts=2026-01-22T14:22:26.637107+00:00 tags=4 sample=[('d0', 2.5218749046325684), ('d1', 0.17249999940395355), ('d2', 0.22338749468326569), ('d3', 2.200237512588501)] cycle=74.9ms
2026-01-22 11:22:27,640 | INFO | OK plant=1 ts=2026-01-22T14:22:27.639740+00:00 tags=4 sample=[('d0', 2.4956250190734863), ('d1', 0.16042499244213104), ('d2', 0.2087249904870987), ('d3', 2.18428111076355)] cycle=76.0ms
2026-01-22 11:22:28,638 | INFO | OK plant=1 ts=2026-01-22T14:22:28.638021+00:00 tags=4 sample=[('d0', 2.524125099182129), ('d1', 0.17034374177455902), ('d2', 0.22511249780654907), ('d3', 2.220506191253662)] cycle=73.0ms
2026-01-22 11:22:29,642 | INFO | OK plant=1 ts=2026-01-22T14:22:29.641505+00:00 tags=4 sample=[('d0', 2.4911251068115234), ('d1', 0.1720687448978424), ('d2', 0.22381874918937683), ('d3', 2.2097249031066895)] cycle=75.6ms
2026-01-22 11:22:30,643 | INFO | OK plant=1 ts=2026-01-22T14:22:30.643173+00:00 tags=4 sample=[('d0', 2.5316250324249268), ('d1', 0.1647374927997589), ('d2', 0.2151937484741211), ('d3', 2.189887523651123)] cycle=75.8ms
2026-01-22 11:22:31,651 | INFO | OK plant=1 ts=2026-01-22T14:22:31.650537+00:00 tags=4 sample=[('d0', 2.4832499027252197), ('d1', 0.1608562469482422), ('d2', 0.2126062512397766), ('d3', 2.1903188228607178)] cycle=73.0ms
2026-01-22 11:22:32,655 | INFO | OK plant=1 ts=2026-01-22T14:22:32.654237+00:00 tags=4 sample=[('d0', 2.5132501125335693), ('d1', 0.17422500252723694), ('d2', 0.22425000369548798), ('d3', 2.2183499336242676)] cycle=75.1ms
2026-01-22 11:22:33,657 | INFO | OK plant=1 ts=2026-01-22T14:22:33.656680+00:00 tags=4 sample=[('d0', 2.5147500038146973), ('d1', 0.1746562421321869), ('d2', 0.22597499191761017), ('d3', 2.2054123878479004)] cycle=76.4ms
2026-01-22 11:22:34,665 | INFO | OK plant=1 ts=2026-01-22T14:22:34.664833+00:00 tags=4 sample=[('d0', 2.5113749504089355), ('d1', 0.16516874730587006), ('d2', 0.21778124570846558), ('d3', 2.2054123878479004)] cycle=82.5ms
2026-01-22 11:22:35,657 | INFO | OK plant=1 ts=2026-01-22T14:22:35.657017+00:00 tags=4 sample=[('d0', 2.5158751010894775), ('d1', 0.16171874105930328), ('d2', 0.2151937484741211), ('d3', 2.1877312660217285)] cycle=73.5ms
2026-01-22 11:22:36,660 | INFO | OK plant=1 ts=2026-01-22T14:22:36.659390+00:00 tags=4 sample=[('d0', 2.520750045776367), ('d1', 0.16904999315738678), ('d2', 0.21821250021457672), ('d3', 2.2006688117980957)] cycle=74.5ms
2026-01-22 11:22:37,661 | INFO | OK plant=1 ts=2026-01-22T14:22:37.660551+00:00 tags=4 sample=[('d0', 2.4776251316070557), ('d1', 0.1712062507867813), ('d2', 0.2216624915599823), ('d3', 2.210156202316284)] cycle=74.1ms
2026-01-22 11:22:38,666 | INFO | OK plant=1 ts=2026-01-22T14:22:38.665485+00:00 tags=4 sample=[('d0', 2.3002500534057617), ('d1', 0.07805624604225159), ('d2', 0.11557500064373016), ('d3', 2.0165250301361084)] cycle=77.9ms
2026-01-22 11:22:39,684 | INFO | OK plant=1 ts=2026-01-22T14:22:39.683451+00:00 tags=4 sample=[('d0', 2.339625120162964), ('d1', 0.0901312455534935), ('d2', 0.1379999965429306), ('d3', 2.029893636703491)] cycle=73.4ms
2026-01-22 11:22:40,687 | INFO | OK plant=1 ts=2026-01-22T14:22:40.686990+00:00 tags=4 sample=[('d0', 2.4176249504089355), ('d1', 0.16991250216960907), ('d2', 0.2160562425851822), ('d3', 2.1187312602996826)] cycle=76.0ms
2026-01-22 11:22:41,685 | INFO | OK plant=1 ts=2026-01-22T14:22:41.685047+00:00 tags=4 sample=[('d0', 2.4116249084472656), ('d1', 0.19923749566078186), ('d2', 0.24322499334812164), ('d3', 2.1454687118530273)] cycle=73.4ms
2026-01-22 11:22:42,687 | INFO | OK plant=1 ts=2026-01-22T14:22:42.687143+00:00 tags=4 sample=[('d0', 2.4483749866485596), ('d1', 0.1720687448978424), ('d2', 0.22036874294281006), ('d3', 2.135550022125244)] cycle=74.7ms
2026-01-22 11:22:43,690 | INFO | OK plant=1 ts=2026-01-22T14:22:43.690213+00:00 tags=4 sample=[('d0', 2.453249931335449), ('d1', 0.15611249208450317), ('d2', 0.2022562474012375), ('d3', 2.1601312160491943)] cycle=76.9ms
2026-01-22 11:22:44,693 | INFO | OK plant=1 ts=2026-01-22T14:22:44.692207+00:00 tags=4 sample=[('d0', 2.4791250228881836), ('d1', 0.1599937528371811), ('d2', 0.20829375088214874), ('d3', 2.1717748641967773)] cycle=76.8ms
2026-01-22 11:22:45,689 | INFO | OK plant=1 ts=2026-01-22T14:22:45.688815+00:00 tags=4 sample=[('d0', 2.510625123977661), ('d1', 0.1673250049352646), ('d2', 0.2160562425851822), ('d3', 2.1786749362945557)] cycle=72.3ms
2026-01-22 11:22:46,692 | INFO | OK plant=1 ts=2026-01-22T14:22:46.691671+00:00 tags=4 sample=[('d0', 2.4809999465942383), ('d1', 0.16904999315738678), ('d2', 0.21950624883174896), ('d3', 2.1976499557495117)] cycle=74.1ms
2026-01-22 11:22:47,696 | INFO | OK plant=1 ts=2026-01-22T14:22:47.695362+00:00 tags=4 sample=[('d0', 2.522249937057495), ('d1', 0.16991250216960907), ('d2', 0.2199375033378601), ('d3', 2.191612482070923)] cycle=76.3ms
2026-01-22 11:22:48,696 | INFO | OK plant=1 ts=2026-01-22T14:22:48.696281+00:00 tags=4 sample=[('d0', 2.4892499446868896), ('d1', 0.16128750145435333), ('d2', 0.20958749949932098), ('d3', 2.18428111076355)] cycle=76.6ms
2026-01-22 11:22:49,694 | INFO | OK plant=1 ts=2026-01-22T14:22:49.693391+00:00 tags=4 sample=[('d0', 2.486999988555908), ('d1', 0.15870000422000885), ('d2', 0.20484374463558197), ('d3', 2.1937687397003174)] cycle=72.8ms
2026-01-22 11:22:50,698 | INFO | OK plant=1 ts=2026-01-22T14:22:50.697463+00:00 tags=4 sample=[('d0', 2.4855000972747803), ('d1', 0.1591312438249588), ('d2', 0.2078624963760376), ('d3', 2.1881625652313232)] cycle=75.6ms
2026-01-22 11:22:51,697 | INFO | OK plant=1 ts=2026-01-22T14:22:51.696526+00:00 tags=4 sample=[('d0', 2.4982500076293945), ('d1', 0.16818749904632568), ('d2', 0.2216624915599823), ('d3', 2.200237512588501)] cycle=74.0ms
2026-01-22 11:22:52,699 | INFO | OK plant=1 ts=2026-01-22T14:22:52.698724+00:00 tags=4 sample=[('d0', 2.4941251277923584), ('d1', 0.16818749904632568), ('d2', 0.21562500298023224), ('d3', 2.1920437812805176)] cycle=74.9ms
2026-01-22 11:22:53,700 | INFO | OK plant=1 ts=2026-01-22T14:22:53.700237+00:00 tags=4 sample=[('d0', 2.507625102996826), ('d1', 0.16171874105930328), ('d2', 0.21131250262260437), ('d3', 2.2010998725891113)] cycle=74.7ms
2026-01-22 11:22:54,702 | INFO | OK plant=1 ts=2026-01-22T14:22:54.702172+00:00 tags=4 sample=[('d0', 2.5008749961853027), ('d1', 0.16991250216960907), ('d2', 0.2216624915599823), ('d3', 2.2114498615264893)] cycle=75.5ms
2026-01-22 11:22:55,711 | INFO | OK plant=1 ts=2026-01-22T14:22:55.710401+00:00 tags=4 sample=[('d0', 2.510999917984009), ('d1', 0.16430625319480896), ('d2', 0.21691875159740448), ('d3', 2.209293842315674)] cycle=75.8ms
2026-01-22 11:22:56,712 | INFO | OK plant=1 ts=2026-01-22T14:22:56.711671+00:00 tags=4 sample=[('d0', 2.519624948501587), ('d1', 0.16516874730587006), ('d2', 0.21476249396800995), ('d3', 2.2097249031066895)] cycle=76.1ms
2026-01-22 11:22:57,715 | INFO | OK plant=1 ts=2026-01-22T14:22:57.714704+00:00 tags=4 sample=[('d0', 2.4997501373291016), ('d1', 0.16861875355243683), ('d2', 0.21864375472068787), ('d3', 2.2023937702178955)] cycle=78.2ms
2026-01-22 11:22:58,712 | INFO | OK plant=1 ts=2026-01-22T14:22:58.711984+00:00 tags=4 sample=[('d0', 2.521125078201294), ('d1', 0.16258125007152557), ('d2', 0.21217499673366547), ('d3', 2.198943614959717)] cycle=74.8ms
2026-01-22 11:22:59,716 | INFO | OK plant=1 ts=2026-01-22T14:22:59.716063+00:00 tags=4 sample=[('d0', 2.508000135421753), ('d1', 0.16430625319480896), ('d2', 0.21562500298023224), ('d3', 2.1976499557495117)] cycle=76.2ms
2026-01-22 11:23:00,719 | INFO | OK plant=1 ts=2026-01-22T14:23:00.719115+00:00 tags=4 sample=[('d0', 2.51924991607666), ('d1', 0.16818749904632568), ('d2', 0.21864375472068787), ('d3', 2.2049813270568848)] cycle=78.0ms
2026-01-22 11:23:01,721 | INFO | OK plant=1 ts=2026-01-22T14:23:01.720747+00:00 tags=4 sample=[('d0', 2.490000009536743), ('d1', 0.15956249833106995), ('d2', 0.21131250262260437), ('d3', 2.186868667602539)] cycle=78.6ms
